05/06/2016 22:23:57 (Std) 	+-+-+-+-+-+-+-+-+-+-+-+-+-+-+-+-+-+-+-+-+-+-+-+-+-+-+-+-+-+-+-+-+-+-+-+-+-+-+-+
05/06/2016 22:23:57 (Std) 	+                     Crazy Eddie's GUI System - Event log                    +
05/06/2016 22:23:57 (Std) 	+                          (http://www.cegui.org.uk/)                         +
05/06/2016 22:23:57 (Std) 	+-+-+-+-+-+-+-+-+-+-+-+-+-+-+-+-+-+-+-+-+-+-+-+-+-+-+-+-+-+-+-+-+-+-+-+-+-+-+-+

05/06/2016 22:23:57 (Std) 	CEGUI::Logger singleton created. (0x2c84750)
05/06/2016 22:23:57 (Std) 	
05/06/2016 22:23:57 (Std) 	********************************************************************************
05/06/2016 22:23:57 (Std) 	* Important:                                                                   *
05/06/2016 22:23:57 (Std) 	*     To get support at the CEGUI forums, you must post _at least_ the section *
05/06/2016 22:23:57 (Std) 	*     of this log file indicated below.  Failure to do this will result in no  *
05/06/2016 22:23:57 (Std) 	*     support being given; please do not waste our time.                       *
05/06/2016 22:23:57 (Std) 	********************************************************************************
05/06/2016 22:23:57 (Std) 	********************************************************************************
05/06/2016 22:23:57 (Std) 	* -------- START OF ESSENTIAL SECTION TO BE POSTED ON THE FORUM       -------- *
05/06/2016 22:23:57 (Std) 	********************************************************************************
05/06/2016 22:23:57 (Std) 	---- Version: 0.8.7 (Build: May 10 2016 GNU/Linux g++ 4.8.4 64 bit) ----
05/06/2016 22:23:57 (Std) 	---- Renderer module is: CEGUI::OgreRenderer - Official OGRE based 2nd generation renderer module. ----
05/06/2016 22:23:57 (Std) 	---- XML Parser module is: CEGUI::ExpatParser - Official expat based parser module for CEGUI ----
05/06/2016 22:23:57 (Std) 	---- Image Codec module is: OgreImageCodec - Integrated ImageCodec using the Ogre engine. ----
05/06/2016 22:23:57 (Std) 	---- Scripting module is: None ----
05/06/2016 22:23:57 (Std) 	********************************************************************************
05/06/2016 22:23:57 (Std) 	* -------- END OF ESSENTIAL SECTION TO BE POSTED ON THE FORUM         -------- *
05/06/2016 22:23:57 (Std) 	********************************************************************************
05/06/2016 22:23:57 (Std) 	
05/06/2016 22:23:57 (Std) 	---- Begining CEGUI System initialisation ----
05/06/2016 22:23:57 (Std) 	[CEGUI::ImageManager] Singleton created (0x2c88a30)
05/06/2016 22:23:57 (Std) 	[CEGUI::ImageManager] Registered Image type: BasicImage
05/06/2016 22:23:57 (Std) 	CEGUI::FontManager singleton created. (0x2c864e0)
05/06/2016 22:23:57 (Std) 	CEGUI::WindowFactoryManager singleton created
05/06/2016 22:23:57 (Std) 	CEGUI::WindowManager singleton created (0x2c85700)
05/06/2016 22:23:57 (Std) 	CEGUI::SchemeManager singleton created. (0x2c866b0)
05/06/2016 22:23:57 (Std) 	CEGUI::GlobalEventSet singleton created. (0x2c85030)
05/06/2016 22:23:57 (Std) 	CEGUI::AnimationManager singleton created (0x2c867e0)
05/06/2016 22:23:57 (Std) 	CEGUI::WidgetLookManager singleton created. (0x2c57ae0)
05/06/2016 22:23:57 (Std) 	CEGUI::WindowRendererManager singleton created (0x2c84ef0)
05/06/2016 22:23:57 (Std) 	CEGUI::RenderEffectManager singleton created (0x2c84af0)
05/06/2016 22:23:57 (Std) 	Created WindowFactory for 'DefaultWindow' windows.
05/06/2016 22:23:57 (Std) 	WindowFactory for 'DefaultWindow' windows added. (0x2c8b0d0)
05/06/2016 22:23:57 (Std) 	Created WindowFactory for 'DragContainer' windows.
05/06/2016 22:23:57 (Std) 	WindowFactory for 'DragContainer' windows added. (0x2c8b3d0)
05/06/2016 22:23:57 (Std) 	Created WindowFactory for 'ScrolledContainer' windows.
05/06/2016 22:23:57 (Std) 	WindowFactory for 'ScrolledContainer' windows added. (0x2c8b570)
05/06/2016 22:23:57 (Std) 	Created WindowFactory for 'ClippedContainer' windows.
05/06/2016 22:23:57 (Std) 	WindowFactory for 'ClippedContainer' windows added. (0x2c8b710)
05/06/2016 22:23:57 (Std) 	Created WindowFactory for 'CEGUI/PushButton' windows.
05/06/2016 22:23:57 (Std) 	WindowFactory for 'CEGUI/PushButton' windows added. (0x2c8b8b0)
05/06/2016 22:23:57 (Std) 	Created WindowFactory for 'CEGUI/RadioButton' windows.
05/06/2016 22:23:57 (Std) 	WindowFactory for 'CEGUI/RadioButton' windows added. (0x2c8ba50)
05/06/2016 22:23:57 (Std) 	Created WindowFactory for 'CEGUI/Combobox' windows.
05/06/2016 22:23:57 (Std) 	WindowFactory for 'CEGUI/Combobox' windows added. (0x2c8bbf0)
05/06/2016 22:23:57 (Std) 	Created WindowFactory for 'CEGUI/ComboDropList' windows.
05/06/2016 22:23:57 (Std) 	WindowFactory for 'CEGUI/ComboDropList' windows added. (0x2c8bd90)
05/06/2016 22:23:57 (Std) 	Created WindowFactory for 'CEGUI/Editbox' windows.
05/06/2016 22:23:57 (Std) 	WindowFactory for 'CEGUI/Editbox' windows added. (0x2c8bf30)
05/06/2016 22:23:57 (Std) 	Created WindowFactory for 'CEGUI/FrameWindow' windows.
05/06/2016 22:23:57 (Std) 	WindowFactory for 'CEGUI/FrameWindow' windows added. (0x2c8c160)
05/06/2016 22:23:57 (Std) 	Created WindowFactory for 'CEGUI/ItemEntry' windows.
05/06/2016 22:23:57 (Std) 	WindowFactory for 'CEGUI/ItemEntry' windows added. (0x2c8c300)
05/06/2016 22:23:57 (Std) 	Created WindowFactory for 'CEGUI/Listbox' windows.
05/06/2016 22:23:57 (Std) 	WindowFactory for 'CEGUI/Listbox' windows added. (0x2c8c4a0)
05/06/2016 22:23:57 (Std) 	Created WindowFactory for 'CEGUI/ListHeader' windows.
05/06/2016 22:23:57 (Std) 	WindowFactory for 'CEGUI/ListHeader' windows added. (0x2c8c640)
05/06/2016 22:23:57 (Std) 	Created WindowFactory for 'CEGUI/ListHeaderSegment' windows.
05/06/2016 22:23:57 (Std) 	WindowFactory for 'CEGUI/ListHeaderSegment' windows added. (0x2c8c7e0)
05/06/2016 22:23:57 (Std) 	Created WindowFactory for 'CEGUI/Menubar' windows.
05/06/2016 22:23:57 (Std) 	WindowFactory for 'CEGUI/Menubar' windows added. (0x2c8c980)
05/06/2016 22:23:57 (Std) 	Created WindowFactory for 'CEGUI/PopupMenu' windows.
05/06/2016 22:23:57 (Std) 	WindowFactory for 'CEGUI/PopupMenu' windows added. (0x2c8cb20)
05/06/2016 22:23:57 (Std) 	Created WindowFactory for 'CEGUI/MenuItem' windows.
05/06/2016 22:23:57 (Std) 	WindowFactory for 'CEGUI/MenuItem' windows added. (0x2c8ccc0)
05/06/2016 22:23:57 (Std) 	Created WindowFactory for 'CEGUI/MultiColumnList' windows.
05/06/2016 22:23:57 (Std) 	WindowFactory for 'CEGUI/MultiColumnList' windows added. (0x2c8cf70)
05/06/2016 22:23:57 (Std) 	Created WindowFactory for 'CEGUI/MultiLineEditbox' windows.
05/06/2016 22:23:57 (Std) 	WindowFactory for 'CEGUI/MultiLineEditbox' windows added. (0x2c8d110)
05/06/2016 22:23:57 (Std) 	Created WindowFactory for 'CEGUI/ProgressBar' windows.
05/06/2016 22:23:57 (Std) 	WindowFactory for 'CEGUI/ProgressBar' windows added. (0x2c8d2b0)
05/06/2016 22:23:57 (Std) 	Created WindowFactory for 'CEGUI/ScrollablePane' windows.
05/06/2016 22:23:57 (Std) 	WindowFactory for 'CEGUI/ScrollablePane' windows added. (0x2c8d450)
05/06/2016 22:23:57 (Std) 	Created WindowFactory for 'CEGUI/Scrollbar' windows.
05/06/2016 22:23:57 (Std) 	WindowFactory for 'CEGUI/Scrollbar' windows added. (0x2c8d5f0)
05/06/2016 22:23:57 (Std) 	Created WindowFactory for 'CEGUI/Slider' windows.
05/06/2016 22:23:57 (Std) 	WindowFactory for 'CEGUI/Slider' windows added. (0x2c8d790)
05/06/2016 22:23:57 (Std) 	Created WindowFactory for 'CEGUI/Spinner' windows.
05/06/2016 22:23:57 (Std) 	WindowFactory for 'CEGUI/Spinner' windows added. (0x2c8d930)
05/06/2016 22:23:57 (Std) 	Created WindowFactory for 'CEGUI/TabButton' windows.
05/06/2016 22:23:57 (Std) 	WindowFactory for 'CEGUI/TabButton' windows added. (0x2c8dad0)
05/06/2016 22:23:57 (Std) 	Created WindowFactory for 'CEGUI/TabControl' windows.
05/06/2016 22:23:57 (Std) 	WindowFactory for 'CEGUI/TabControl' windows added. (0x2c8dc70)
05/06/2016 22:23:57 (Std) 	Created WindowFactory for 'CEGUI/Thumb' windows.
05/06/2016 22:23:57 (Std) 	WindowFactory for 'CEGUI/Thumb' windows added. (0x2c8de10)
05/06/2016 22:23:57 (Std) 	Created WindowFactory for 'CEGUI/Titlebar' windows.
05/06/2016 22:23:57 (Std) 	WindowFactory for 'CEGUI/Titlebar' windows added. (0x2c8dfb0)
05/06/2016 22:23:57 (Std) 	Created WindowFactory for 'CEGUI/ToggleButton' windows.
05/06/2016 22:23:57 (Std) 	WindowFactory for 'CEGUI/ToggleButton' windows added. (0x2c8e150)
05/06/2016 22:23:57 (Std) 	Created WindowFactory for 'CEGUI/Tooltip' windows.
05/06/2016 22:23:57 (Std) 	WindowFactory for 'CEGUI/Tooltip' windows added. (0x2c8e2f0)
05/06/2016 22:23:57 (Std) 	Created WindowFactory for 'CEGUI/ItemListbox' windows.
05/06/2016 22:23:57 (Std) 	WindowFactory for 'CEGUI/ItemListbox' windows added. (0x2c8e490)
05/06/2016 22:23:57 (Std) 	Created WindowFactory for 'CEGUI/GroupBox' windows.
05/06/2016 22:23:57 (Std) 	WindowFactory for 'CEGUI/GroupBox' windows added. (0x2c8e630)
05/06/2016 22:23:57 (Std) 	Created WindowFactory for 'CEGUI/Tree' windows.
05/06/2016 22:23:57 (Std) 	WindowFactory for 'CEGUI/Tree' windows added. (0x2c8e7d0)
05/06/2016 22:23:57 (Std) 	Created WindowFactory for 'LayoutCell' windows.
05/06/2016 22:23:57 (Std) 	WindowFactory for 'LayoutCell' windows added. (0x2c8ce60)
05/06/2016 22:23:57 (Std) 	Created WindowFactory for 'HorizontalLayoutContainer' windows.
05/06/2016 22:23:57 (Std) 	WindowFactory for 'HorizontalLayoutContainer' windows added. (0x2c8ec60)
05/06/2016 22:23:57 (Std) 	Created WindowFactory for 'VerticalLayoutContainer' windows.
05/06/2016 22:23:57 (Std) 	WindowFactory for 'VerticalLayoutContainer' windows added. (0x2c8ee00)
05/06/2016 22:23:57 (Std) 	Created WindowFactory for 'GridLayoutContainer' windows.
05/06/2016 22:23:57 (Std) 	WindowFactory for 'GridLayoutContainer' windows added. (0x2c8efa0)
05/06/2016 22:23:57 (Std) 	CEGUI::System singleton created. (0x2c845d0)
05/06/2016 22:23:57 (Std) 	---- CEGUI System initialisation completed ----
05/06/2016 22:23:57 (Std) 	
05/06/2016 22:23:57 (Error)	The C locale for LC_NUMERIC and/or LC_ALL is not set to "C". However, CEGUI is only ensured to parse strings and numbers correctly under the condition that the locale is set to "C". This is required, for example, when parsing files or converting from a (property-) value to a String (or vice-versa). If your code or one of your libraries change the locale (typically, by using the function "setlocale"), please set the locale back to the default everytime before a relevant call to CEGUI is issued to ensure that the parsing will be functional and correct. If you know what you are doing and there are no issues whatsoever, you may ignore this error message.
05/06/2016 22:23:57 (Std) 	Started creation of Scheme from XML specification:
05/06/2016 22:23:57 (Std) 	---- CEGUI GUIScheme name: TaharezLook
05/06/2016 22:23:57 (Error)	The C locale for LC_NUMERIC and/or LC_ALL is not set to "C". However, CEGUI is only ensured to parse strings and numbers correctly under the condition that the locale is set to "C". This is required, for example, when parsing files or converting from a (property-) value to a String (or vice-versa). If your code or one of your libraries change the locale (typically, by using the function "setlocale"), please set the locale back to the default everytime before a relevant call to CEGUI is issued to ensure that the parsing will be functional and correct. If you know what you are doing and there are no issues whatsoever, you may ignore this error message.
05/06/2016 22:23:57 (Std) 	[ImageManager] Started creation of Imageset from XML specification:
05/06/2016 22:23:57 (Std) 	[ImageManager] ---- CEGUI Imageset name: TaharezLook
05/06/2016 22:23:57 (Std) 	[ImageManager] ---- Source texture file: TaharezLook.png
05/06/2016 22:23:57 (Std) 	[ImageManager] ---- Source texture resource group: (Default)
05/06/2016 22:23:57 (Std) 	[OgreRenderer] Created texture: TaharezLook
05/06/2016 22:23:57 (Std) 	[ImageManager] Created image: 'TaharezLook/ClientBrush' (0x2c95ca0) of type: BasicImage
05/06/2016 22:23:57 (Std) 	[ImageManager] Created image: 'TaharezLook/GenericBrush' (0x2ca1ae0) of type: BasicImage
05/06/2016 22:23:57 (Std) 	[ImageManager] Created image: 'TaharezLook/WindowLeftEdge' (0x2ca23a0) of type: BasicImage
05/06/2016 22:23:57 (Std) 	[ImageManager] Created image: 'TaharezLook/WindowRightEdge' (0x2ca2540) of type: BasicImage
05/06/2016 22:23:57 (Std) 	[ImageManager] Created image: 'TaharezLook/WindowTopEdge' (0x2c949c0) of type: BasicImage
05/06/2016 22:23:57 (Std) 	[ImageManager] Created image: 'TaharezLook/WindowBottomEdge' (0x2ca1490) of type: BasicImage
05/06/2016 22:23:57 (Std) 	[ImageManager] Created image: 'TaharezLook/WindowTopLeft' (0x2ca2750) of type: BasicImage
05/06/2016 22:23:57 (Std) 	[ImageManager] Created image: 'TaharezLook/WindowTopRight' (0x2ca2960) of type: BasicImage
05/06/2016 22:23:57 (Std) 	[ImageManager] Created image: 'TaharezLook/WindowBottomLeft' (0x2ca2b70) of type: BasicImage
05/06/2016 22:23:57 (Std) 	[ImageManager] Created image: 'TaharezLook/WindowBottomRight' (0x2ca1ef0) of type: BasicImage
05/06/2016 22:23:57 (Std) 	[ImageManager] Created image: 'TaharezLook/ButtonLeftNormal' (0x2ca30a0) of type: BasicImage
05/06/2016 22:23:57 (Std) 	[ImageManager] Created image: 'TaharezLook/ButtonMiddleNormal' (0x2c90270) of type: BasicImage
05/06/2016 22:23:57 (Std) 	[ImageManager] Created image: 'TaharezLook/ButtonRightNormal' (0x2c90480) of type: BasicImage
05/06/2016 22:23:57 (Std) 	[ImageManager] Created image: 'TaharezLook/ButtonLeftPushed' (0x2c90690) of type: BasicImage
05/06/2016 22:23:57 (Std) 	[ImageManager] Created image: 'TaharezLook/ButtonMiddlePushed' (0x2c908a0) of type: BasicImage
05/06/2016 22:23:57 (Std) 	[ImageManager] Created image: 'TaharezLook/ButtonRightPushed' (0x2c90ab0) of type: BasicImage
05/06/2016 22:23:57 (Std) 	[ImageManager] Created image: 'TaharezLook/ButtonLeftHighlight' (0x2c90cc0) of type: BasicImage
05/06/2016 22:23:57 (Std) 	[ImageManager] Created image: 'TaharezLook/ButtonMiddleHighlight' (0x2c91060) of type: BasicImage
05/06/2016 22:23:57 (Std) 	[ImageManager] Created image: 'TaharezLook/ButtonRightHighlight' (0x2c91420) of type: BasicImage
05/06/2016 22:23:57 (Std) 	[ImageManager] Created image: 'TaharezLook/CheckboxNormal' (0x2c95b10) of type: BasicImage
05/06/2016 22:23:57 (Std) 	[ImageManager] Created image: 'TaharezLook/CheckboxHover' (0x2c917e0) of type: BasicImage
05/06/2016 22:23:57 (Std) 	[ImageManager] Created image: 'TaharezLook/CheckboxMark' (0x2c919f0) of type: BasicImage
05/06/2016 22:23:57 (Std) 	[ImageManager] Created image: 'TaharezLook/RadioButtonNormal' (0x2c91c00) of type: BasicImage
05/06/2016 22:23:57 (Std) 	[ImageManager] Created image: 'TaharezLook/RadioButtonHover' (0x2c91e10) of type: BasicImage
05/06/2016 22:23:57 (Std) 	[ImageManager] Created image: 'TaharezLook/RadioButtonMark' (0x2c92020) of type: BasicImage
05/06/2016 22:23:57 (Std) 	[ImageManager] Created image: 'TaharezLook/TitlebarLeft' (0x2c92230) of type: BasicImage
05/06/2016 22:23:57 (Std) 	[ImageManager] Created image: 'TaharezLook/TitlebarMiddle' (0x2c92440) of type: BasicImage
05/06/2016 22:23:57 (Std) 	[ImageManager] Created image: 'TaharezLook/TitlebarRight' (0x2c92650) of type: BasicImage
05/06/2016 22:23:57 (Std) 	[ImageManager] Created image: 'TaharezLook/NewTitlebarLeft' (0x2c92860) of type: BasicImage
05/06/2016 22:23:57 (Std) 	[ImageManager] Created image: 'TaharezLook/NewTitlebarMiddle' (0x2ca1170) of type: BasicImage
05/06/2016 22:23:57 (Std) 	[ImageManager] Created image: 'TaharezLook/NewTitlebarRight' (0x2c94d60) of type: BasicImage
05/06/2016 22:23:57 (Std) 	[ImageManager] Created image: 'TaharezLook/SysAreaMiddle' (0x2c95fc0) of type: BasicImage
05/06/2016 22:23:57 (Std) 	[ImageManager] Created image: 'TaharezLook/SysAreaRight' (0x2c961d0) of type: BasicImage
05/06/2016 22:23:57 (Std) 	[ImageManager] Created image: 'TaharezLook/StaticLeft' (0x2c963e0) of type: BasicImage
05/06/2016 22:23:57 (Std) 	[ImageManager] Created image: 'TaharezLook/StaticRight' (0x2c965f0) of type: BasicImage
05/06/2016 22:23:57 (Std) 	[ImageManager] Created image: 'TaharezLook/StaticTop' (0x2c96800) of type: BasicImage
05/06/2016 22:23:57 (Std) 	[ImageManager] Created image: 'TaharezLook/StaticBottom' (0x2c96a10) of type: BasicImage
05/06/2016 22:23:57 (Std) 	[ImageManager] Created image: 'TaharezLook/StaticTopLeft' (0x2c96c20) of type: BasicImage
05/06/2016 22:23:57 (Std) 	[ImageManager] Created image: 'TaharezLook/StaticTopRight' (0x2c96e30) of type: BasicImage
05/06/2016 22:23:57 (Std) 	[ImageManager] Created image: 'TaharezLook/StaticBottomLeft' (0x2c97040) of type: BasicImage
05/06/2016 22:23:57 (Std) 	[ImageManager] Created image: 'TaharezLook/StaticBottomRight' (0x2c97250) of type: BasicImage
05/06/2016 22:23:57 (Std) 	[ImageManager] Created image: 'TaharezLook/StaticBackdrop' (0x2c97460) of type: BasicImage
05/06/2016 22:23:57 (Std) 	[ImageManager] Created image: 'TaharezLook/ProgressBarLeft' (0x2c97670) of type: BasicImage
05/06/2016 22:23:57 (Std) 	[ImageManager] Created image: 'TaharezLook/ProgressBarMiddle' (0x2c97880) of type: BasicImage
05/06/2016 22:23:57 (Std) 	[ImageManager] Created image: 'TaharezLook/ProgressBarRight' (0x2c97a90) of type: BasicImage
05/06/2016 22:23:57 (Std) 	[ImageManager] Created image: 'TaharezLook/ProgressBarDimSegment' (0x2c97ca0) of type: BasicImage
05/06/2016 22:23:57 (Std) 	[ImageManager] Created image: 'TaharezLook/ProgressBarLitSegment' (0x2c97fd0) of type: BasicImage
05/06/2016 22:23:57 (Std) 	[ImageManager] Created image: 'TaharezLook/EditBoxLeft' (0x2c98300) of type: BasicImage
05/06/2016 22:23:57 (Std) 	[ImageManager] Created image: 'TaharezLook/EditBoxMiddle' (0x2c98510) of type: BasicImage
05/06/2016 22:23:57 (Std) 	[ImageManager] Created image: 'TaharezLook/EditBoxRight' (0x2c98720) of type: BasicImage
05/06/2016 22:23:57 (Std) 	[ImageManager] Created image: 'TaharezLook/EditBoxCaret' (0x2c98930) of type: BasicImage
05/06/2016 22:23:57 (Std) 	[ImageManager] Created image: 'TaharezLook/SpinnerUpNormal' (0x2c98b40) of type: BasicImage
05/06/2016 22:23:57 (Std) 	[ImageManager] Created image: 'TaharezLook/SpinnerDownNormal' (0x2c98d50) of type: BasicImage
05/06/2016 22:23:57 (Std) 	[ImageManager] Created image: 'TaharezLook/SpinnerUpHover' (0x2c98f60) of type: BasicImage
05/06/2016 22:23:57 (Std) 	[ImageManager] Created image: 'TaharezLook/SpinnerDownHover' (0x2c99170) of type: BasicImage
05/06/2016 22:23:57 (Std) 	[ImageManager] Created image: 'TaharezLook/TextSelectionBrush' (0x2c99380) of type: BasicImage
05/06/2016 22:23:57 (Std) 	[ImageManager] Created image: 'TaharezLook/VertScrollTop' (0x2c99590) of type: BasicImage
05/06/2016 22:23:57 (Std) 	[ImageManager] Created image: 'TaharezLook/VertScrollMiddle' (0x2c997a0) of type: BasicImage
05/06/2016 22:23:57 (Std) 	[ImageManager] Created image: 'TaharezLook/VertScrollBottom' (0x2c999b0) of type: BasicImage
05/06/2016 22:23:57 (Std) 	[ImageManager] Created image: 'TaharezLook/VertScrollBarSegment' (0x2c99bc0) of type: BasicImage
05/06/2016 22:23:57 (Std) 	[ImageManager] Created image: 'TaharezLook/VertScrollThumbNormal' (0x2c99ef0) of type: BasicImage
05/06/2016 22:23:57 (Std) 	[ImageManager] Created image: 'TaharezLook/VertScrollThumbHover' (0x2c9a220) of type: BasicImage
05/06/2016 22:23:57 (Std) 	[ImageManager] Created image: 'TaharezLook/VertScrollUpNormal' (0x2c9a550) of type: BasicImage
05/06/2016 22:23:57 (Std) 	[ImageManager] Created image: 'TaharezLook/VertScrollDownNormal' (0x2c9a760) of type: BasicImage
05/06/2016 22:23:57 (Std) 	[ImageManager] Created image: 'TaharezLook/VertScrollUpHover' (0x2c9aa90) of type: BasicImage
05/06/2016 22:23:57 (Std) 	[ImageManager] Created image: 'TaharezLook/VertScrollDownHover' (0x2c9aca0) of type: BasicImage
05/06/2016 22:23:57 (Std) 	[ImageManager] Created image: 'TaharezLook/MiniVertScrollBarSegment' (0x2c9b040) of type: BasicImage
05/06/2016 22:23:57 (Std) 	[ImageManager] Created image: 'TaharezLook/MiniVertScrollThumbNormal' (0x2c9b340) of type: BasicImage
05/06/2016 22:23:57 (Std) 	[ImageManager] Created image: 'TaharezLook/MiniVertScrollThumbTopNormal' (0x2c9ba50) of type: BasicImage
05/06/2016 22:23:57 (Std) 	[ImageManager] Created image: 'TaharezLook/MiniVertScrollThumbMiddleNormal' (0x2ca2d80) of type: BasicImage
05/06/2016 22:23:57 (Std) 	[ImageManager] Created image: 'TaharezLook/MiniVertScrollThumbBottomNormal' (0x2c9be70) of type: BasicImage
05/06/2016 22:23:57 (Std) 	[ImageManager] Created image: 'TaharezLook/MiniVertScrollThumbTopHover' (0x2ca2f60) of type: BasicImage
05/06/2016 22:23:57 (Std) 	[ImageManager] Created image: 'TaharezLook/MiniVertScrollThumbMiddleHover' (0x2cb9810) of type: BasicImage
05/06/2016 22:23:57 (Std) 	[ImageManager] Created image: 'TaharezLook/MiniVertScrollThumbBottomHover' (0x2c92c00) of type: BasicImage
05/06/2016 22:23:57 (Std) 	[ImageManager] Created image: 'TaharezLook/MiniVertScrollThumbHover' (0x2cb9f90) of type: BasicImage
05/06/2016 22:23:57 (Std) 	[ImageManager] Created image: 'TaharezLook/MiniVertScrollUpNormal' (0x2cba2e0) of type: BasicImage
05/06/2016 22:23:57 (Std) 	[ImageManager] Created image: 'TaharezLook/MiniVertScrollDownNormal' (0x2cba630) of type: BasicImage
05/06/2016 22:23:57 (Std) 	[ImageManager] Created image: 'TaharezLook/MiniVertScrollUpHover' (0x2cba980) of type: BasicImage
05/06/2016 22:23:57 (Std) 	[ImageManager] Created image: 'TaharezLook/MiniVertScrollDownHover' (0x2cbacb0) of type: BasicImage
05/06/2016 22:23:57 (Std) 	[ImageManager] Created image: 'TaharezLook/VertSliderBody' (0x2cbb000) of type: BasicImage
05/06/2016 22:23:57 (Std) 	[ImageManager] Created image: 'TaharezLook/VertSliderThumbNormal' (0x2cbb210) of type: BasicImage
05/06/2016 22:23:57 (Std) 	[ImageManager] Created image: 'TaharezLook/VertSliderThumbHover' (0x2cbb540) of type: BasicImage
05/06/2016 22:23:57 (Std) 	[ImageManager] Created image: 'TaharezLook/MiniHorzScrollBarSegment' (0x2cbb870) of type: BasicImage
05/06/2016 22:23:57 (Std) 	[ImageManager] Created image: 'TaharezLook/MiniHorzScrollThumbNormal' (0x2cbbbc0) of type: BasicImage
05/06/2016 22:23:57 (Std) 	[ImageManager] Created image: 'TaharezLook/MiniHorzScrollThumbLeftNormal' (0x2cbbf10) of type: BasicImage
05/06/2016 22:23:57 (Std) 	[ImageManager] Created image: 'TaharezLook/MiniHorzScrollThumbMiddleNormal' (0x2cbc330) of type: BasicImage
05/06/2016 22:23:57 (Std) 	[ImageManager] Created image: 'TaharezLook/MiniHorzScrollThumbRightNormal' (0x2cbc6c0) of type: BasicImage
05/06/2016 22:23:57 (Std) 	[ImageManager] Created image: 'TaharezLook/MiniHorzScrollThumbHover' (0x2cbca50) of type: BasicImage
05/06/2016 22:23:57 (Std) 	[ImageManager] Created image: 'TaharezLook/MiniHorzScrollThumbLeftHover' (0x2cbcda0) of type: BasicImage
05/06/2016 22:23:57 (Std) 	[ImageManager] Created image: 'TaharezLook/MiniHorzScrollThumbMiddleHover' (0x2cbd110) of type: BasicImage
05/06/2016 22:23:57 (Std) 	[ImageManager] Created image: 'TaharezLook/MiniHorzScrollThumbRightHover' (0x2cbd4a0) of type: BasicImage
05/06/2016 22:23:57 (Std) 	[ImageManager] Created image: 'TaharezLook/MiniHorzScrollLeftNormal' (0x2cbd810) of type: BasicImage
05/06/2016 22:23:57 (Std) 	[ImageManager] Created image: 'TaharezLook/MiniHorzScrollRightNormal' (0x2cbdb60) of type: BasicImage
05/06/2016 22:23:57 (Std) 	[ImageManager] Created image: 'TaharezLook/MiniHorzScrollLeftHover' (0x2cbdeb0) of type: BasicImage
05/06/2016 22:23:57 (Std) 	[ImageManager] Created image: 'TaharezLook/MiniHorzScrollRightHover' (0x2cbe200) of type: BasicImage
05/06/2016 22:23:57 (Std) 	[ImageManager] Created image: 'TaharezLook/ListboxLeft' (0x2cbe550) of type: BasicImage
05/06/2016 22:23:57 (Std) 	[ImageManager] Created image: 'TaharezLook/ListboxRight' (0x2cbe760) of type: BasicImage
05/06/2016 22:23:57 (Std) 	[ImageManager] Created image: 'TaharezLook/ListboxTop' (0x2cbe970) of type: BasicImage
05/06/2016 22:23:57 (Std) 	[ImageManager] Created image: 'TaharezLook/ListboxBottom' (0x2cbeb80) of type: BasicImage
05/06/2016 22:23:57 (Std) 	[ImageManager] Created image: 'TaharezLook/ListboxTopLeft' (0x2cbed90) of type: BasicImage
05/06/2016 22:23:57 (Std) 	[ImageManager] Created image: 'TaharezLook/ListboxTopRight' (0x2cbefa0) of type: BasicImage
05/06/2016 22:23:57 (Std) 	[ImageManager] Created image: 'TaharezLook/ListboxBottomLeft' (0x2cbf1b0) of type: BasicImage
05/06/2016 22:23:57 (Std) 	[ImageManager] Created image: 'TaharezLook/ListboxBottomRight' (0x2cbf3c0) of type: BasicImage
05/06/2016 22:23:57 (Std) 	[ImageManager] Created image: 'TaharezLook/ListboxBackdrop' (0x2cbf5d0) of type: BasicImage
05/06/2016 22:23:57 (Std) 	[ImageManager] Created image: 'TaharezLook/ListboxSelectionBrush' (0x2cbf7e0) of type: BasicImage
05/06/2016 22:23:57 (Std) 	[ImageManager] Created image: 'TaharezLook/ComboboxEditLeft' (0x2cbfb10) of type: BasicImage
05/06/2016 22:23:57 (Std) 	[ImageManager] Created image: 'TaharezLook/ComboboxEditMiddle' (0x2cbfd20) of type: BasicImage
05/06/2016 22:23:57 (Std) 	[ImageManager] Created image: 'TaharezLook/ComboboxListButtonNormal' (0x2cbff30) of type: BasicImage
05/06/2016 22:23:57 (Std) 	[ImageManager] Created image: 'TaharezLook/ComboboxListButtonHover' (0x2cc0280) of type: BasicImage
05/06/2016 22:23:57 (Std) 	[ImageManager] Created image: 'TaharezLook/ComboboxListLeft' (0x2cc05d0) of type: BasicImage
05/06/2016 22:23:57 (Std) 	[ImageManager] Created image: 'TaharezLook/ComboboxListRight' (0x2cc07e0) of type: BasicImage
05/06/2016 22:23:57 (Std) 	[ImageManager] Created image: 'TaharezLook/ComboboxListTop' (0x2cc09f0) of type: BasicImage
05/06/2016 22:23:57 (Std) 	[ImageManager] Created image: 'TaharezLook/ComboboxListBottom' (0x2cc0c00) of type: BasicImage
05/06/2016 22:23:57 (Std) 	[ImageManager] Created image: 'TaharezLook/ComboboxListTopLeft' (0x2cc0e10) of type: BasicImage
05/06/2016 22:23:57 (Std) 	[ImageManager] Created image: 'TaharezLook/ComboboxListTopRight' (0x2cc1020) of type: BasicImage
05/06/2016 22:23:57 (Std) 	[ImageManager] Created image: 'TaharezLook/ComboboxListBottomLeft' (0x2cc1350) of type: BasicImage
05/06/2016 22:23:57 (Std) 	[ImageManager] Created image: 'TaharezLook/ComboboxListBottomRight' (0x2cc16a0) of type: BasicImage
05/06/2016 22:23:57 (Std) 	[ImageManager] Created image: 'TaharezLook/ComboboxListBackdrop' (0x2cc19f0) of type: BasicImage
05/06/2016 22:23:57 (Std) 	[ImageManager] Created image: 'TaharezLook/ComboboxSelectionBrush' (0x2cc1d20) of type: BasicImage
05/06/2016 22:23:57 (Std) 	[ImageManager] Created image: 'TaharezLook/ComboboxDividerLeft' (0x2cc2070) of type: BasicImage
05/06/2016 22:23:57 (Std) 	[ImageManager] Created image: 'TaharezLook/ComboboxDividerMiddle' (0x2cc2280) of type: BasicImage
05/06/2016 22:23:57 (Std) 	[ImageManager] Created image: 'TaharezLook/ComboboxDividerRight' (0x2cc25b0) of type: BasicImage
05/06/2016 22:23:57 (Std) 	[ImageManager] Created image: 'TaharezLook/HeaderBarBackdropNormal' (0x2cc28e0) of type: BasicImage
05/06/2016 22:23:57 (Std) 	[ImageManager] Created image: 'TaharezLook/HeaderBarBackdropHover' (0x2cc2c30) of type: BasicImage
05/06/2016 22:23:57 (Std) 	[ImageManager] Created image: 'TaharezLook/HeaderBarSplitterNormal' (0x2cc2f80) of type: BasicImage
05/06/2016 22:23:57 (Std) 	[ImageManager] Created image: 'TaharezLook/HeaderBarSplitterHover' (0x2cc32d0) of type: BasicImage
05/06/2016 22:23:57 (Std) 	[ImageManager] Created image: 'TaharezLook/HeaderBarSortUp' (0x2cc3620) of type: BasicImage
05/06/2016 22:23:57 (Std) 	[ImageManager] Created image: 'TaharezLook/HeaderBarSortDown' (0x2cc3830) of type: BasicImage
05/06/2016 22:23:57 (Std) 	[ImageManager] Created image: 'TaharezLook/MultiListLeft' (0x2cc3a40) of type: BasicImage
05/06/2016 22:23:57 (Std) 	[ImageManager] Created image: 'TaharezLook/MultiListRight' (0x2cc3c50) of type: BasicImage
05/06/2016 22:23:57 (Std) 	[ImageManager] Created image: 'TaharezLook/MultiListTop' (0x2cc3e60) of type: BasicImage
05/06/2016 22:23:57 (Std) 	[ImageManager] Created image: 'TaharezLook/MultiListBottom' (0x2cc4070) of type: BasicImage
05/06/2016 22:23:57 (Std) 	[ImageManager] Created image: 'TaharezLook/MultiListTopLeft' (0x2cc4280) of type: BasicImage
05/06/2016 22:23:57 (Std) 	[ImageManager] Created image: 'TaharezLook/MultiListTopRight' (0x2cc4490) of type: BasicImage
05/06/2016 22:23:57 (Std) 	[ImageManager] Created image: 'TaharezLook/MultiListBottomLeft' (0x2cc46a0) of type: BasicImage
05/06/2016 22:23:57 (Std) 	[ImageManager] Created image: 'TaharezLook/MultiListBottomRight' (0x2cc48b0) of type: BasicImage
05/06/2016 22:23:57 (Std) 	[ImageManager] Created image: 'TaharezLook/MultiListBackdrop' (0x2cc4be0) of type: BasicImage
05/06/2016 22:23:57 (Std) 	[ImageManager] Created image: 'TaharezLook/MultiListSelectionBrush' (0x2cc4df0) of type: BasicImage
05/06/2016 22:23:57 (Std) 	[ImageManager] Created image: 'TaharezLook/AltProgressLeft' (0x2cc5140) of type: BasicImage
05/06/2016 22:23:57 (Std) 	[ImageManager] Created image: 'TaharezLook/AltProgressMiddle' (0x2cc5350) of type: BasicImage
05/06/2016 22:23:57 (Std) 	[ImageManager] Created image: 'TaharezLook/AltProgressRight' (0x2cc5560) of type: BasicImage
05/06/2016 22:23:57 (Std) 	[ImageManager] Created image: 'TaharezLook/AltProgressQuarter' (0x2cc5770) of type: BasicImage
05/06/2016 22:23:57 (Std) 	[ImageManager] Created image: 'TaharezLook/AltProgressHalf' (0x2cc5980) of type: BasicImage
05/06/2016 22:23:57 (Std) 	[ImageManager] Created image: 'TaharezLook/AltProgressLight1' (0x2cc5b90) of type: BasicImage
05/06/2016 22:23:57 (Std) 	[ImageManager] Created image: 'TaharezLook/AltProgressLight2' (0x2cc5da0) of type: BasicImage
05/06/2016 22:23:57 (Std) 	[ImageManager] Created image: 'TaharezLook/AltProgressLight3' (0x2cc5fb0) of type: BasicImage
05/06/2016 22:23:57 (Std) 	[ImageManager] Created image: 'TaharezLook/AltProgressLight4' (0x2cc61c0) of type: BasicImage
05/06/2016 22:23:57 (Std) 	[ImageManager] Created image: 'TaharezLook/AltProgressLight5' (0x2cc63d0) of type: BasicImage
05/06/2016 22:23:57 (Std) 	[ImageManager] Created image: 'TaharezLook/AltProgressLight6' (0x2cc65e0) of type: BasicImage
05/06/2016 22:23:57 (Std) 	[ImageManager] Created image: 'TaharezLook/AltProgressLight7' (0x2d06850) of type: BasicImage
05/06/2016 22:23:57 (Std) 	[ImageManager] Created image: 'TaharezLook/AltProgressLight8' (0x2d06a60) of type: BasicImage
05/06/2016 22:23:57 (Std) 	[ImageManager] Created image: 'TaharezLook/AltProgressLight9' (0x2d06c70) of type: BasicImage
05/06/2016 22:23:57 (Std) 	[ImageManager] Created image: 'TaharezLook/AltProgressLight10' (0x2d06e80) of type: BasicImage
05/06/2016 22:23:57 (Std) 	[ImageManager] Created image: 'TaharezLook/CloseButtonNormal' (0x2d07090) of type: BasicImage
05/06/2016 22:23:57 (Std) 	[ImageManager] Created image: 'TaharezLook/CloseButtonHover' (0x2d072a0) of type: BasicImage
05/06/2016 22:23:57 (Std) 	[ImageManager] Created image: 'TaharezLook/CloseButtonPressed' (0x2d074b0) of type: BasicImage
05/06/2016 22:23:57 (Std) 	[ImageManager] Created image: 'TaharezLook/NewCloseButtonNormal' (0x2d076c0) of type: BasicImage
05/06/2016 22:23:57 (Std) 	[ImageManager] Created image: 'TaharezLook/NewCloseButtonHover' (0x2d078d0) of type: BasicImage
05/06/2016 22:23:57 (Std) 	[ImageManager] Created image: 'TaharezLook/NewCloseButtonPressed' (0x2d07ae0) of type: BasicImage
05/06/2016 22:23:57 (Std) 	[ImageManager] Created image: 'TaharezLook/MultiLineEditboxLeft' (0x2d07cf0) of type: BasicImage
05/06/2016 22:23:57 (Std) 	[ImageManager] Created image: 'TaharezLook/MultiLineEditboxRight' (0x2d07f00) of type: BasicImage
05/06/2016 22:23:57 (Std) 	[ImageManager] Created image: 'TaharezLook/MultiLineEditboxTop' (0x2d08110) of type: BasicImage
05/06/2016 22:23:57 (Std) 	[ImageManager] Created image: 'TaharezLook/MultiLineEditboxBottom' (0x2d08320) of type: BasicImage
05/06/2016 22:23:57 (Std) 	[ImageManager] Created image: 'TaharezLook/MultiLineEditboxTopLeft' (0x2d08670) of type: BasicImage
05/06/2016 22:23:57 (Std) 	[ImageManager] Created image: 'TaharezLook/MultiLineEditboxTopRight' (0x2d089c0) of type: BasicImage
05/06/2016 22:23:57 (Std) 	[ImageManager] Created image: 'TaharezLook/MultiLineEditboxBottomLeft' (0x2d09030) of type: BasicImage
05/06/2016 22:23:57 (Std) 	[ImageManager] Created image: 'TaharezLook/MultiLineEditboxBottomRight' (0x2d092f0) of type: BasicImage
05/06/2016 22:23:57 (Std) 	[ImageManager] Created image: 'TaharezLook/MultiLineEditboxBackdrop' (0x2d09660) of type: BasicImage
05/06/2016 22:23:57 (Std) 	[ImageManager] Created image: 'TaharezLook/MultiLineEditboxSelectionBrush' (0x2d09b90) of type: BasicImage
05/06/2016 22:23:57 (Std) 	[ImageManager] Created image: 'TaharezLook/MouseTarget' (0x2d0a310) of type: BasicImage
05/06/2016 22:23:57 (Std) 	[ImageManager] Created image: 'TaharezLook/MouseArrow' (0x2c95980) of type: BasicImage
05/06/2016 22:23:57 (Std) 	[ImageManager] Created image: 'TaharezLook/MouseMoveCursor' (0x2d0a840) of type: BasicImage
05/06/2016 22:23:57 (Std) 	[ImageManager] Created image: 'TaharezLook/MouseNoSoCursor' (0x2d0aa50) of type: BasicImage
05/06/2016 22:23:57 (Std) 	[ImageManager] Created image: 'TaharezLook/MouseEsWeCursor' (0x2d0ac60) of type: BasicImage
05/06/2016 22:23:57 (Std) 	[ImageManager] Created image: 'TaharezLook/MouseNeSwCursor' (0x2d0ae70) of type: BasicImage
05/06/2016 22:23:57 (Std) 	[ImageManager] Created image: 'TaharezLook/MouseNwSeCursor' (0x2d0b080) of type: BasicImage
05/06/2016 22:23:57 (Std) 	[ImageManager] Created image: 'TaharezLook/MouseTextBar' (0x2d0b290) of type: BasicImage
05/06/2016 22:23:57 (Std) 	[ImageManager] Created image: 'TaharezLook/TabHorizontalFiller' (0x2d0a520) of type: BasicImage
05/06/2016 22:23:57 (Std) 	[ImageManager] Created image: 'TaharezLook/TabContentPaneUpperLeft' (0x2d09f50) of type: BasicImage
05/06/2016 22:23:57 (Std) 	[ImageManager] Created image: 'TaharezLook/TabContentPaneUpper' (0x2d0b4a0) of type: BasicImage
05/06/2016 22:23:57 (Std) 	[ImageManager] Created image: 'TaharezLook/TabContentPaneUpperRight' (0x2d0b5c0) of type: BasicImage
05/06/2016 22:23:57 (Std) 	[ImageManager] Created image: 'TaharezLook/TabContentPaneLeft' (0x2d0b7d0) of type: BasicImage
05/06/2016 22:23:57 (Std) 	[ImageManager] Created image: 'TaharezLook/TabContentPaneRight' (0x2d0b9e0) of type: BasicImage
05/06/2016 22:23:57 (Std) 	[ImageManager] Created image: 'TaharezLook/TabContentPaneLower' (0x2d0bbf0) of type: BasicImage
05/06/2016 22:23:57 (Std) 	[ImageManager] Created image: 'TaharezLook/TabContentPaneLowerLeft' (0x2d0be00) of type: BasicImage
05/06/2016 22:23:57 (Std) 	[ImageManager] Created image: 'TaharezLook/TabContentPaneLowerRight' (0x2d0c150) of type: BasicImage
05/06/2016 22:23:57 (Std) 	[ImageManager] Created image: 'TaharezLook/TabContentPaneMiddle' (0x2d0c4a0) of type: BasicImage
05/06/2016 22:23:57 (Std) 	[ImageManager] Created image: 'TaharezLook/TabButtonScrollLeftNormal' (0x2d0c840) of type: BasicImage
05/06/2016 22:23:57 (Std) 	[ImageManager] Created image: 'TaharezLook/TabButtonScrollRightNormal' (0x2d0cd20) of type: BasicImage
05/06/2016 22:23:57 (Std) 	[ImageManager] Created image: 'TaharezLook/TabButtonScrollLeftHover' (0x2d09a00) of type: BasicImage
05/06/2016 22:23:57 (Std) 	[ImageManager] Created image: 'TaharezLook/TabButtonScrollRightHover' (0x2d0d2d0) of type: BasicImage
05/06/2016 22:23:57 (Std) 	[ImageManager] Created image: 'TaharezLook/TabButtonLeftNormal' (0x2d0d620) of type: BasicImage
05/06/2016 22:23:57 (Std) 	[ImageManager] Created image: 'TaharezLook/TabButtonRightNormal' (0x2d0d830) of type: BasicImage
05/06/2016 22:23:57 (Std) 	[ImageManager] Created image: 'TaharezLook/TabButtonUpperNormal' (0x2d0da40) of type: BasicImage
05/06/2016 22:23:57 (Std) 	[ImageManager] Created image: 'TaharezLook/TabButtonLowerNormal' (0x2d0dd70) of type: BasicImage
05/06/2016 22:23:57 (Std) 	[ImageManager] Created image: 'TaharezLook/TabButtonUpperLeftNormal' (0x2d0e230) of type: BasicImage
05/06/2016 22:23:57 (Std) 	[ImageManager] Created image: 'TaharezLook/TabButtonUpperLeft2Normal' (0x2d0e620) of type: BasicImage
05/06/2016 22:23:57 (Std) 	[ImageManager] Created image: 'TaharezLook/TabButtonUpperRightNormal' (0x2d0e970) of type: BasicImage
05/06/2016 22:23:57 (Std) 	[ImageManager] Created image: 'TaharezLook/TabButtonLowerLeftNormal' (0x2d0ecc0) of type: BasicImage
05/06/2016 22:23:57 (Std) 	[ImageManager] Created image: 'TaharezLook/TabButtonLowerRightNormal' (0x2d0f010) of type: BasicImage
05/06/2016 22:23:57 (Std) 	[ImageManager] Created image: 'TaharezLook/TabButtonLowerRight2Normal' (0x2d0f4f0) of type: BasicImage
05/06/2016 22:23:57 (Std) 	[ImageManager] Created image: 'TaharezLook/TabButtonMiddleNormal' (0x2ca1290) of type: BasicImage
05/06/2016 22:23:57 (Std) 	[ImageManager] Created image: 'TaharezLook/TabButtonLeftSelected' (0x2d0fa00) of type: BasicImage
05/06/2016 22:23:57 (Std) 	[ImageManager] Created image: 'TaharezLook/TabButtonRightSelected' (0x2d0fc10) of type: BasicImage
05/06/2016 22:23:57 (Std) 	[ImageManager] Created image: 'TaharezLook/TabButtonUpperSelected' (0x2d10000) of type: BasicImage
05/06/2016 22:23:57 (Std) 	[ImageManager] Created image: 'TaharezLook/TabButtonLowerSelected' (0x2d10350) of type: BasicImage
05/06/2016 22:23:57 (Std) 	[ImageManager] Created image: 'TaharezLook/TabButtonUpperLeftSelected' (0x2d10830) of type: BasicImage
05/06/2016 22:23:57 (Std) 	[ImageManager] Created image: 'TaharezLook/TabButtonUpperRightSelected' (0x2d10c50) of type: BasicImage
05/06/2016 22:23:57 (Std) 	[ImageManager] Created image: 'TaharezLook/TabButtonLowerLeftSelected' (0x2d10fc0) of type: BasicImage
05/06/2016 22:23:57 (Std) 	[ImageManager] Created image: 'TaharezLook/TabButtonLowerRightSelected' (0x2d11330) of type: BasicImage
05/06/2016 22:23:57 (Std) 	[ImageManager] Created image: 'TaharezLook/TabButtonMiddleSelected' (0x2d116a0) of type: BasicImage
05/06/2016 22:23:57 (Std) 	[ImageManager] Created image: 'TaharezLook/TooltipTopLeft' (0x2d118b0) of type: BasicImage
05/06/2016 22:23:57 (Std) 	[ImageManager] Created image: 'TaharezLook/TooltipTopRight' (0x2d11ac0) of type: BasicImage
05/06/2016 22:23:57 (Std) 	[ImageManager] Created image: 'TaharezLook/TooltipBottomLeft' (0x2d11cd0) of type: BasicImage
05/06/2016 22:23:57 (Std) 	[ImageManager] Created image: 'TaharezLook/TooltipBottomRight' (0x2d11ee0) of type: BasicImage
05/06/2016 22:23:57 (Std) 	[ImageManager] Created image: 'TaharezLook/TooltipLeftEdge' (0x2d120f0) of type: BasicImage
05/06/2016 22:23:57 (Std) 	[ImageManager] Created image: 'TaharezLook/TooltipRightEdge' (0x2d12300) of type: BasicImage
05/06/2016 22:23:57 (Std) 	[ImageManager] Created image: 'TaharezLook/TooltipTopEdge' (0x2d12510) of type: BasicImage
05/06/2016 22:23:57 (Std) 	[ImageManager] Created image: 'TaharezLook/TooltipBottomEdge' (0x2d12720) of type: BasicImage
05/06/2016 22:23:57 (Std) 	[ImageManager] Created image: 'TaharezLook/TooltipMiddle' (0x2d12930) of type: BasicImage
05/06/2016 22:23:57 (Std) 	[ImageManager] Created image: 'TaharezLook/MenuTopLeft' (0x2d12b40) of type: BasicImage
05/06/2016 22:23:57 (Std) 	[ImageManager] Created image: 'TaharezLook/MenuTopRight' (0x2d12d50) of type: BasicImage
05/06/2016 22:23:57 (Std) 	[ImageManager] Created image: 'TaharezLook/MenuBottomLeft' (0x2d12f60) of type: BasicImage
05/06/2016 22:23:57 (Std) 	[ImageManager] Created image: 'TaharezLook/MenuBottomRight' (0x2d13170) of type: BasicImage
05/06/2016 22:23:57 (Std) 	[ImageManager] Created image: 'TaharezLook/MenuLeft' (0x2d13380) of type: BasicImage
05/06/2016 22:23:57 (Std) 	[ImageManager] Created image: 'TaharezLook/MenuRight' (0x2d13590) of type: BasicImage
05/06/2016 22:23:57 (Std) 	[ImageManager] Created image: 'TaharezLook/MenuTop' (0x2d137a0) of type: BasicImage
05/06/2016 22:23:57 (Std) 	[ImageManager] Created image: 'TaharezLook/MenuBottom' (0x2d139b0) of type: BasicImage
05/06/2016 22:23:57 (Std) 	[ImageManager] Created image: 'TaharezLook/MenuMiddle' (0x2d13bc0) of type: BasicImage
05/06/2016 22:23:57 (Std) 	[ImageManager] Created image: 'TaharezLook/PopupMenuFrameTopLeft' (0x2d13dd0) of type: BasicImage
05/06/2016 22:23:57 (Std) 	[ImageManager] Created image: 'TaharezLook/PopupMenuFrameTopRight' (0x2d13fe0) of type: BasicImage
05/06/2016 22:23:57 (Std) 	[ImageManager] Created image: 'TaharezLook/PopupMenuFrameBottomLeft' (0x2d143d0) of type: BasicImage
05/06/2016 22:23:57 (Std) 	[ImageManager] Created image: 'TaharezLook/PopupMenuFrameBottomRight' (0x2d14720) of type: BasicImage
05/06/2016 22:23:57 (Std) 	[ImageManager] Created image: 'TaharezLook/PopupMenuFrameLeft' (0x2d14a70) of type: BasicImage
05/06/2016 22:23:57 (Std) 	[ImageManager] Created image: 'TaharezLook/PopupMenuFrameRight' (0x2d14c80) of type: BasicImage
05/06/2016 22:23:57 (Std) 	[ImageManager] Created image: 'TaharezLook/PopupMenuFrameTop' (0x2d14e90) of type: BasicImage
05/06/2016 22:23:57 (Std) 	[ImageManager] Created image: 'TaharezLook/PopupMenuFrameBottom' (0x2d150a0) of type: BasicImage
05/06/2016 22:23:57 (Std) 	[ImageManager] Created image: 'TaharezLook/PopupMenuMiddle' (0x2d152b0) of type: BasicImage
05/06/2016 22:23:57 (Std) 	[ImageManager] Created image: 'TaharezLook/PopupMenuArrowRight' (0x2d154c0) of type: BasicImage
05/06/2016 22:23:57 (Std) 	[ImageManager] Created image: 'TaharezLook/PopupMenuArrowLeft' (0x2d156d0) of type: BasicImage
05/06/2016 22:23:57 (Std) 	[ImageManager] Created image: 'TaharezLook/TreeListClosed' (0x2d158e0) of type: BasicImage
05/06/2016 22:23:57 (Std) 	[ImageManager] Created image: 'TaharezLook/TreeListOpened' (0x2d15af0) of type: BasicImage
05/06/2016 22:23:57 (Std) 	[ImageManager] Created image: 'TaharezLook/UpArrow' (0x2d15d00) of type: BasicImage
05/06/2016 22:23:57 (Error)	The C locale for LC_NUMERIC and/or LC_ALL is not set to "C". However, CEGUI is only ensured to parse strings and numbers correctly under the condition that the locale is set to "C". This is required, for example, when parsing files or converting from a (property-) value to a String (or vice-versa). If your code or one of your libraries change the locale (typically, by using the function "setlocale"), please set the locale back to the default everytime before a relevant call to CEGUI is issued to ensure that the parsing will be functional and correct. If you know what you are doing and there are no issues whatsoever, you may ignore this error message.
05/06/2016 22:23:57 (Error)	The C locale for LC_NUMERIC and/or LC_ALL is not set to "C". However, CEGUI is only ensured to parse strings and numbers correctly under the condition that the locale is set to "C". This is required, for example, when parsing files or converting from a (property-) value to a String (or vice-versa). If your code or one of your libraries change the locale (typically, by using the function "setlocale"), please set the locale back to the default everytime before a relevant call to CEGUI is issued to ensure that the parsing will be functional and correct. If you know what you are doing and there are no issues whatsoever, you may ignore this error message.
05/06/2016 22:23:57 (Std) 	===== Falagard 'root' element: look and feel parsing begins =====
05/06/2016 22:23:57 (Std) 	===== Look and feel parsing completed =====
05/06/2016 22:23:57 (Std) 	No window renderer factories specified for module 'CEGUICoreWindowRendererSet' - adding all available factories...
05/06/2016 22:23:57 (Std) 	Created WindowRendererFactory for 'Core/Button' WindowRenderers.
05/06/2016 22:23:57 (Std) 	WindowRendererFactory 'Core/Button' added. (0x2e47760)
05/06/2016 22:23:57 (Std) 	Created WindowRendererFactory for 'Core/Default' WindowRenderers.
05/06/2016 22:23:57 (Std) 	WindowRendererFactory 'Core/Default' added. (0x2e9b0b0)
05/06/2016 22:23:57 (Std) 	Created WindowRendererFactory for 'Core/Editbox' WindowRenderers.
05/06/2016 22:23:57 (Std) 	WindowRendererFactory 'Core/Editbox' added. (0x2e9b250)
05/06/2016 22:23:57 (Std) 	Created WindowRendererFactory for 'Core/FrameWindow' WindowRenderers.
05/06/2016 22:23:57 (Std) 	WindowRendererFactory 'Core/FrameWindow' added. (0x2e9b3f0)
05/06/2016 22:23:57 (Std) 	Created WindowRendererFactory for 'Core/ItemEntry' WindowRenderers.
05/06/2016 22:23:57 (Std) 	WindowRendererFactory 'Core/ItemEntry' added. (0x2e35b00)
05/06/2016 22:23:57 (Std) 	Created WindowRendererFactory for 'Core/ListHeader' WindowRenderers.
05/06/2016 22:23:57 (Std) 	WindowRendererFactory 'Core/ListHeader' added. (0x2e35ca0)
05/06/2016 22:23:57 (Std) 	Created WindowRendererFactory for 'Core/ListHeaderSegment' WindowRenderers.
05/06/2016 22:23:57 (Std) 	WindowRendererFactory 'Core/ListHeaderSegment' added. (0x2e35d60)
05/06/2016 22:23:57 (Std) 	Created WindowRendererFactory for 'Core/Listbox' WindowRenderers.
05/06/2016 22:23:57 (Std) 	WindowRendererFactory 'Core/Listbox' added. (0x2c9c150)
05/06/2016 22:23:57 (Std) 	Created WindowRendererFactory for 'Core/Menubar' WindowRenderers.
05/06/2016 22:23:57 (Std) 	WindowRendererFactory 'Core/Menubar' added. (0x2c9c2f0)
05/06/2016 22:23:57 (Std) 	Created WindowRendererFactory for 'Core/MenuItem' WindowRenderers.
05/06/2016 22:23:57 (Std) 	WindowRendererFactory 'Core/MenuItem' added. (0x2c9c490)
05/06/2016 22:23:57 (Std) 	Created WindowRendererFactory for 'Core/MultiColumnList' WindowRenderers.
05/06/2016 22:23:57 (Std) 	WindowRendererFactory 'Core/MultiColumnList' added. (0x2c9c630)
05/06/2016 22:23:57 (Std) 	Created WindowRendererFactory for 'Core/MultiLineEditbox' WindowRenderers.
05/06/2016 22:23:57 (Std) 	WindowRendererFactory 'Core/MultiLineEditbox' added. (0x2ef0de0)
05/06/2016 22:23:57 (Std) 	Created WindowRendererFactory for 'Core/PopupMenu' WindowRenderers.
05/06/2016 22:23:57 (Std) 	WindowRendererFactory 'Core/PopupMenu' added. (0x2ef0f80)
05/06/2016 22:23:57 (Std) 	Created WindowRendererFactory for 'Core/ProgressBar' WindowRenderers.
05/06/2016 22:23:57 (Std) 	WindowRendererFactory 'Core/ProgressBar' added. (0x2ef1120)
05/06/2016 22:23:57 (Std) 	Created WindowRendererFactory for 'Core/ScrollablePane' WindowRenderers.
05/06/2016 22:23:57 (Std) 	WindowRendererFactory 'Core/ScrollablePane' added. (0x2ef12c0)
05/06/2016 22:23:57 (Std) 	Created WindowRendererFactory for 'Core/Scrollbar' WindowRenderers.
05/06/2016 22:23:57 (Std) 	WindowRendererFactory 'Core/Scrollbar' added. (0x2ef1ae0)
05/06/2016 22:23:57 (Std) 	Created WindowRendererFactory for 'Core/Slider' WindowRenderers.
05/06/2016 22:23:57 (Std) 	WindowRendererFactory 'Core/Slider' added. (0x2ef1c80)
05/06/2016 22:23:57 (Std) 	Created WindowRendererFactory for 'Core/Static' WindowRenderers.
05/06/2016 22:23:57 (Std) 	WindowRendererFactory 'Core/Static' added. (0x2ef1f30)
05/06/2016 22:23:57 (Std) 	Created WindowRendererFactory for 'Core/StaticImage' WindowRenderers.
05/06/2016 22:23:57 (Std) 	WindowRendererFactory 'Core/StaticImage' added. (0x2ef20d0)
05/06/2016 22:23:57 (Std) 	Created WindowRendererFactory for 'Core/StaticText' WindowRenderers.
05/06/2016 22:23:57 (Std) 	WindowRendererFactory 'Core/StaticText' added. (0x2ee6cc0)
05/06/2016 22:23:57 (Std) 	Created WindowRendererFactory for 'Core/TabButton' WindowRenderers.
05/06/2016 22:23:57 (Std) 	WindowRendererFactory 'Core/TabButton' added. (0x2ee6e60)
05/06/2016 22:23:57 (Std) 	Created WindowRendererFactory for 'Core/TabControl' WindowRenderers.
05/06/2016 22:23:57 (Std) 	WindowRendererFactory 'Core/TabControl' added. (0x2ee7000)
05/06/2016 22:23:57 (Std) 	Created WindowRendererFactory for 'Core/Titlebar' WindowRenderers.
05/06/2016 22:23:57 (Std) 	WindowRendererFactory 'Core/Titlebar' added. (0x2ee71a0)
05/06/2016 22:23:57 (Std) 	Created WindowRendererFactory for 'Core/ToggleButton' WindowRenderers.
05/06/2016 22:23:57 (Std) 	WindowRendererFactory 'Core/ToggleButton' added. (0x2ee7340)
05/06/2016 22:23:57 (Std) 	Created WindowRendererFactory for 'Core/Tooltip' WindowRenderers.
05/06/2016 22:23:57 (Std) 	WindowRendererFactory 'Core/Tooltip' added. (0x2ee74e0)
05/06/2016 22:23:57 (Std) 	Created WindowRendererFactory for 'Core/ItemListbox' WindowRenderers.
05/06/2016 22:23:57 (Std) 	WindowRendererFactory 'Core/ItemListbox' added. (0x2c8f220)
05/06/2016 22:23:57 (Std) 	Created WindowRendererFactory for 'Core/Tree' WindowRenderers.
05/06/2016 22:23:57 (Std) 	WindowRendererFactory 'Core/Tree' added. (0x2c8f3c0)
05/06/2016 22:23:57 (Std) 	Creating falagard mapping for type 'TaharezLook/Label' using base type 'DefaultWindow', window renderer 'Core/Default' Look'N'Feel 'TaharezLook/Label' and RenderEffect ''. (0x7ffcb674d230)
05/06/2016 22:23:57 (Std) 	Creating falagard mapping for type 'TaharezLook/Button' using base type 'CEGUI/PushButton', window renderer 'Core/Button' Look'N'Feel 'TaharezLook/Button' and RenderEffect ''. (0x7ffcb674d230)
05/06/2016 22:23:57 (Std) 	Creating falagard mapping for type 'TaharezLook/Checkbox' using base type 'CEGUI/ToggleButton', window renderer 'Core/ToggleButton' Look'N'Feel 'TaharezLook/Checkbox' and RenderEffect ''. (0x7ffcb674d230)
05/06/2016 22:23:57 (Std) 	Creating falagard mapping for type 'TaharezLook/ImageButton' using base type 'CEGUI/PushButton', window renderer 'Core/Button' Look'N'Feel 'TaharezLook/ImageButton' and RenderEffect ''. (0x7ffcb674d230)
05/06/2016 22:23:57 (Std) 	Creating falagard mapping for type 'TaharezLook/RadioButton' using base type 'CEGUI/RadioButton', window renderer 'Core/ToggleButton' Look'N'Feel 'TaharezLook/RadioButton' and RenderEffect ''. (0x7ffcb674d230)
05/06/2016 22:23:57 (Std) 	Creating falagard mapping for type 'TaharezLook/FrameWindow' using base type 'CEGUI/FrameWindow', window renderer 'Core/FrameWindow' Look'N'Feel 'TaharezLook/FrameWindow' and RenderEffect ''. (0x7ffcb674d230)
05/06/2016 22:23:57 (Std) 	Creating falagard mapping for type 'TaharezLook/Titlebar' using base type 'CEGUI/Titlebar', window renderer 'Core/Titlebar' Look'N'Feel 'TaharezLook/Titlebar' and RenderEffect ''. (0x7ffcb674d230)
05/06/2016 22:23:57 (Std) 	Creating falagard mapping for type 'TaharezLook/Editbox' using base type 'CEGUI/Editbox', window renderer 'Core/Editbox' Look'N'Feel 'TaharezLook/Editbox' and RenderEffect ''. (0x7ffcb674d230)
05/06/2016 22:23:57 (Std) 	Creating falagard mapping for type 'TaharezLook/MultiLineEditbox' using base type 'CEGUI/MultiLineEditbox', window renderer 'Core/MultiLineEditbox' Look'N'Feel 'TaharezLook/MultiLineEditbox' and RenderEffect ''. (0x7ffcb674d230)
05/06/2016 22:23:57 (Std) 	Creating falagard mapping for type 'TaharezLook/Menubar' using base type 'CEGUI/Menubar', window renderer 'Core/Menubar' Look'N'Feel 'TaharezLook/Menubar' and RenderEffect ''. (0x7ffcb674d230)
05/06/2016 22:23:57 (Std) 	Creating falagard mapping for type 'TaharezLook/PopupMenu' using base type 'CEGUI/PopupMenu', window renderer 'Core/PopupMenu' Look'N'Feel 'TaharezLook/PopupMenu' and RenderEffect ''. (0x7ffcb674d230)
05/06/2016 22:23:57 (Std) 	Creating falagard mapping for type 'TaharezLook/MenuItem' using base type 'CEGUI/MenuItem', window renderer 'Core/MenuItem' Look'N'Feel 'TaharezLook/MenuItem' and RenderEffect ''. (0x7ffcb674d230)
05/06/2016 22:23:57 (Std) 	Creating falagard mapping for type 'TaharezLook/AlternateProgressBar' using base type 'CEGUI/ProgressBar', window renderer 'Core/ProgressBar' Look'N'Feel 'TaharezLook/AltProgressBar' and RenderEffect ''. (0x7ffcb674d230)
05/06/2016 22:23:57 (Std) 	Creating falagard mapping for type 'TaharezLook/ProgressBar' using base type 'CEGUI/ProgressBar', window renderer 'Core/ProgressBar' Look'N'Feel 'TaharezLook/ProgressBar' and RenderEffect ''. (0x7ffcb674d230)
05/06/2016 22:23:57 (Std) 	Creating falagard mapping for type 'TaharezLook/VUMeter' using base type 'CEGUI/ProgressBar', window renderer 'Core/ProgressBar' Look'N'Feel 'TaharezLook/VUMeter' and RenderEffect ''. (0x7ffcb674d230)
05/06/2016 22:23:57 (Std) 	Creating falagard mapping for type 'TaharezLook/VerticalScrollbar' using base type 'CEGUI/Scrollbar', window renderer 'Core/Scrollbar' Look'N'Feel 'TaharezLook/VerticalScrollbar' and RenderEffect ''. (0x7ffcb674d230)
05/06/2016 22:23:57 (Std) 	Creating falagard mapping for type 'TaharezLook/HorizontalScrollbar' using base type 'CEGUI/Scrollbar', window renderer 'Core/Scrollbar' Look'N'Feel 'TaharezLook/HorizontalScrollbar' and RenderEffect ''. (0x7ffcb674d230)
05/06/2016 22:23:57 (Std) 	Creating falagard mapping for type 'TaharezLook/VerticalScrollbarThumb' using base type 'CEGUI/Thumb', window renderer 'Core/Button' Look'N'Feel 'TaharezLook/VerticalScrollbarThumb' and RenderEffect ''. (0x7ffcb674d230)
05/06/2016 22:23:57 (Std) 	Creating falagard mapping for type 'TaharezLook/HorizontalScrollbarThumb' using base type 'CEGUI/Thumb', window renderer 'Core/Button' Look'N'Feel 'TaharezLook/HorizontalScrollbarThumb' and RenderEffect ''. (0x7ffcb674d230)
05/06/2016 22:23:57 (Std) 	Creating falagard mapping for type 'TaharezLook/LargeVerticalScrollbar' using base type 'CEGUI/Scrollbar', window renderer 'Core/Scrollbar' Look'N'Feel 'TaharezLook/LargeVerticalScrollbar' and RenderEffect ''. (0x7ffcb674d230)
05/06/2016 22:23:57 (Std) 	Creating falagard mapping for type 'TaharezLook/LargeVerticalScrollbarThumb' using base type 'CEGUI/Thumb', window renderer 'Core/Button' Look'N'Feel 'TaharezLook/LargeVerticalScrollbarThumb' and RenderEffect ''. (0x7ffcb674d230)
05/06/2016 22:23:57 (Std) 	Creating falagard mapping for type 'TaharezLook/TabButton' using base type 'CEGUI/TabButton', window renderer 'Core/TabButton' Look'N'Feel 'TaharezLook/TabButton' and RenderEffect ''. (0x7ffcb674d230)
05/06/2016 22:23:57 (Std) 	Creating falagard mapping for type 'TaharezLook/TabControl' using base type 'CEGUI/TabControl', window renderer 'Core/TabControl' Look'N'Feel 'TaharezLook/TabControl' and RenderEffect ''. (0x7ffcb674d230)
05/06/2016 22:23:57 (Std) 	Creating falagard mapping for type 'TaharezLook/TabContentPane' using base type 'DefaultWindow', window renderer 'Core/Default' Look'N'Feel 'TaharezLook/TabContentPane' and RenderEffect ''. (0x7ffcb674d230)
05/06/2016 22:23:57 (Std) 	Creating falagard mapping for type 'TaharezLook/TabButtonPane' using base type 'DefaultWindow', window renderer 'Core/Default' Look'N'Feel 'TaharezLook/TabButtonPane' and RenderEffect ''. (0x7ffcb674d230)
05/06/2016 22:23:57 (Std) 	Creating falagard mapping for type 'TaharezLook/ComboDropList' using base type 'CEGUI/ComboDropList', window renderer 'Core/Listbox' Look'N'Feel 'TaharezLook/ComboDropList' and RenderEffect ''. (0x7ffcb674d230)
05/06/2016 22:23:57 (Std) 	Creating falagard mapping for type 'TaharezLook/ComboEditbox' using base type 'CEGUI/Editbox', window renderer 'Core/Editbox' Look'N'Feel 'TaharezLook/ComboEditbox' and RenderEffect ''. (0x7ffcb674d230)
05/06/2016 22:23:57 (Std) 	Creating falagard mapping for type 'TaharezLook/Combobox' using base type 'CEGUI/Combobox', window renderer 'Core/Default' Look'N'Feel 'TaharezLook/Combobox' and RenderEffect ''. (0x7ffcb674d230)
05/06/2016 22:23:57 (Std) 	Creating falagard mapping for type 'TaharezLook/Listbox' using base type 'CEGUI/Listbox', window renderer 'Core/Listbox' Look'N'Feel 'TaharezLook/Listbox' and RenderEffect ''. (0x7ffcb674d230)
05/06/2016 22:23:57 (Std) 	Creating falagard mapping for type 'TaharezLook/ListHeader' using base type 'CEGUI/ListHeader', window renderer 'Core/ListHeader' Look'N'Feel 'TaharezLook/ListHeader' and RenderEffect ''. (0x7ffcb674d230)
05/06/2016 22:23:57 (Std) 	Creating falagard mapping for type 'TaharezLook/ListHeaderSegment' using base type 'CEGUI/ListHeaderSegment', window renderer 'Core/ListHeaderSegment' Look'N'Feel 'TaharezLook/ListHeaderSegment' and RenderEffect ''. (0x7ffcb674d230)
05/06/2016 22:23:57 (Std) 	Creating falagard mapping for type 'TaharezLook/MultiColumnList' using base type 'CEGUI/MultiColumnList', window renderer 'Core/MultiColumnList' Look'N'Feel 'TaharezLook/MultiColumnList' and RenderEffect ''. (0x7ffcb674d230)
05/06/2016 22:23:57 (Std) 	Creating falagard mapping for type 'TaharezLook/Slider' using base type 'CEGUI/Slider', window renderer 'Core/Slider' Look'N'Feel 'TaharezLook/Slider' and RenderEffect ''. (0x7ffcb674d230)
05/06/2016 22:23:57 (Std) 	Creating falagard mapping for type 'TaharezLook/SliderThumb' using base type 'CEGUI/Thumb', window renderer 'Core/Button' Look'N'Feel 'TaharezLook/SliderThumb' and RenderEffect ''. (0x7ffcb674d230)
05/06/2016 22:23:57 (Std) 	Creating falagard mapping for type 'TaharezLook/ScrollablePane' using base type 'CEGUI/ScrollablePane', window renderer 'Core/ScrollablePane' Look'N'Feel 'TaharezLook/ScrollablePane' and RenderEffect ''. (0x7ffcb674d230)
05/06/2016 22:23:57 (Std) 	Creating falagard mapping for type 'TaharezLook/Spinner' using base type 'CEGUI/Spinner', window renderer 'Core/Default' Look'N'Feel 'TaharezLook/Spinner' and RenderEffect ''. (0x7ffcb674d230)
05/06/2016 22:23:57 (Std) 	Creating falagard mapping for type 'TaharezLook/Tooltip' using base type 'CEGUI/Tooltip', window renderer 'Core/Tooltip' Look'N'Feel 'TaharezLook/Tooltip' and RenderEffect ''. (0x7ffcb674d230)
05/06/2016 22:23:57 (Std) 	Creating falagard mapping for type 'TaharezLook/StaticImage' using base type 'DefaultWindow', window renderer 'Core/StaticImage' Look'N'Feel 'TaharezLook/StaticImage' and RenderEffect ''. (0x7ffcb674d230)
05/06/2016 22:23:57 (Std) 	Creating falagard mapping for type 'TaharezLook/StaticText' using base type 'DefaultWindow', window renderer 'Core/StaticText' Look'N'Feel 'TaharezLook/StaticText' and RenderEffect ''. (0x7ffcb674d230)
05/06/2016 22:23:57 (Std) 	Creating falagard mapping for type 'TaharezLook/ItemListbox' using base type 'CEGUI/ItemListbox', window renderer 'Core/ItemListbox' Look'N'Feel 'TaharezLook/ItemListbox' and RenderEffect ''. (0x7ffcb674d230)
05/06/2016 22:23:57 (Std) 	Creating falagard mapping for type 'TaharezLook/ListboxItem' using base type 'CEGUI/ItemEntry', window renderer 'Core/ItemEntry' Look'N'Feel 'TaharezLook/ListboxItem' and RenderEffect ''. (0x7ffcb674d230)
05/06/2016 22:23:57 (Std) 	Creating falagard mapping for type 'TaharezLook/GroupBox' using base type 'DefaultWindow', window renderer 'Core/Default' Look'N'Feel 'TaharezLook/GroupBox' and RenderEffect ''. (0x7ffcb674d230)
05/06/2016 22:23:57 (Std) 	Creating falagard mapping for type 'TaharezLook/Tree' using base type 'CEGUI/Tree', window renderer 'Core/Tree' Look'N'Feel 'TaharezLook/Tree' and RenderEffect ''. (0x7ffcb674d230)
05/06/2016 22:23:57 (Std) 	[OgreRenderer] Created texture: DejaVuSans-12_auto_glyph_images_32
05/06/2016 22:25:24 (Std) 	---- Begining CEGUI System destruction ----
05/06/2016 22:25:24 (Std) 	WindowFactory for 'CEGUI/Tree' windows removed. (0x2c8e7d0)
05/06/2016 22:25:24 (Std) 	Deleted WindowFactory for 'CEGUI/Tree' windows.
05/06/2016 22:25:24 (Std) 	WindowFactory for 'LayoutCell' windows removed. (0x2c8ce60)
05/06/2016 22:25:24 (Std) 	Deleted WindowFactory for 'LayoutCell' windows.
05/06/2016 22:25:24 (Std) 	WindowFactory for 'CEGUI/Thumb' windows removed. (0x2c8de10)
05/06/2016 22:25:24 (Std) 	Deleted WindowFactory for 'CEGUI/Thumb' windows.
05/06/2016 22:25:24 (Std) 	WindowFactory for 'CEGUI/Slider' windows removed. (0x2c8d790)
05/06/2016 22:25:24 (Std) 	Deleted WindowFactory for 'CEGUI/Slider' windows.
05/06/2016 22:25:24 (Std) 	WindowFactory for 'CEGUI/Editbox' windows removed. (0x2c8bf30)
05/06/2016 22:25:24 (Std) 	Deleted WindowFactory for 'CEGUI/Editbox' windows.
05/06/2016 22:25:24 (Std) 	WindowFactory for 'CEGUI/Listbox' windows removed. (0x2c8c4a0)
05/06/2016 22:25:24 (Std) 	Deleted WindowFactory for 'CEGUI/Listbox' windows.
05/06/2016 22:25:24 (Std) 	WindowFactory for 'CEGUI/Menubar' windows removed. (0x2c8c980)
05/06/2016 22:25:24 (Std) 	Deleted WindowFactory for 'CEGUI/Menubar' windows.
05/06/2016 22:25:24 (Std) 	WindowFactory for 'CEGUI/Spinner' windows removed. (0x2c8d930)
05/06/2016 22:25:24 (Std) 	Deleted WindowFactory for 'CEGUI/Spinner' windows.
05/06/2016 22:25:24 (Std) 	WindowFactory for 'CEGUI/Tooltip' windows removed. (0x2c8e2f0)
05/06/2016 22:25:24 (Std) 	Deleted WindowFactory for 'CEGUI/Tooltip' windows.
05/06/2016 22:25:24 (Std) 	WindowFactory for 'DefaultWindow' windows removed. (0x2c8b0d0)
05/06/2016 22:25:24 (Std) 	Deleted WindowFactory for 'DefaultWindow' windows.
05/06/2016 22:25:24 (Std) 	WindowFactory for 'DragContainer' windows removed. (0x2c8b3d0)
05/06/2016 22:25:24 (Std) 	Deleted WindowFactory for 'DragContainer' windows.
05/06/2016 22:25:24 (Std) 	WindowFactory for 'CEGUI/Combobox' windows removed. (0x2c8bbf0)
05/06/2016 22:25:24 (Std) 	Deleted WindowFactory for 'CEGUI/Combobox' windows.
05/06/2016 22:25:24 (Std) 	WindowFactory for 'CEGUI/GroupBox' windows removed. (0x2c8e630)
05/06/2016 22:25:24 (Std) 	Deleted WindowFactory for 'CEGUI/GroupBox' windows.
05/06/2016 22:25:24 (Std) 	WindowFactory for 'CEGUI/MenuItem' windows removed. (0x2c8ccc0)
05/06/2016 22:25:24 (Std) 	Deleted WindowFactory for 'CEGUI/MenuItem' windows.
05/06/2016 22:25:24 (Std) 	WindowFactory for 'CEGUI/Titlebar' windows removed. (0x2c8dfb0)
05/06/2016 22:25:24 (Std) 	Deleted WindowFactory for 'CEGUI/Titlebar' windows.
05/06/2016 22:25:24 (Std) 	WindowFactory for 'CEGUI/ItemEntry' windows removed. (0x2c8c300)
05/06/2016 22:25:24 (Std) 	Deleted WindowFactory for 'CEGUI/ItemEntry' windows.
05/06/2016 22:25:24 (Std) 	WindowFactory for 'CEGUI/PopupMenu' windows removed. (0x2c8cb20)
05/06/2016 22:25:24 (Std) 	Deleted WindowFactory for 'CEGUI/PopupMenu' windows.
05/06/2016 22:25:24 (Std) 	WindowFactory for 'CEGUI/Scrollbar' windows removed. (0x2c8d5f0)
05/06/2016 22:25:24 (Std) 	Deleted WindowFactory for 'CEGUI/Scrollbar' windows.
05/06/2016 22:25:24 (Std) 	WindowFactory for 'CEGUI/TabButton' windows removed. (0x2c8dad0)
05/06/2016 22:25:24 (Std) 	Deleted WindowFactory for 'CEGUI/TabButton' windows.
05/06/2016 22:25:24 (Std) 	WindowFactory for 'CEGUI/ListHeader' windows removed. (0x2c8c640)
05/06/2016 22:25:24 (Std) 	Deleted WindowFactory for 'CEGUI/ListHeader' windows.
05/06/2016 22:25:24 (Std) 	WindowFactory for 'CEGUI/PushButton' windows removed. (0x2c8b8b0)
05/06/2016 22:25:24 (Std) 	Deleted WindowFactory for 'CEGUI/PushButton' windows.
05/06/2016 22:25:24 (Std) 	WindowFactory for 'CEGUI/TabControl' windows removed. (0x2c8dc70)
05/06/2016 22:25:24 (Std) 	Deleted WindowFactory for 'CEGUI/TabControl' windows.
05/06/2016 22:25:24 (Std) 	WindowFactory for 'ClippedContainer' windows removed. (0x2c8b710)
05/06/2016 22:25:24 (Std) 	Deleted WindowFactory for 'ClippedContainer' windows.
05/06/2016 22:25:24 (Std) 	WindowFactory for 'CEGUI/FrameWindow' windows removed. (0x2c8c160)
05/06/2016 22:25:24 (Std) 	Deleted WindowFactory for 'CEGUI/FrameWindow' windows.
05/06/2016 22:25:24 (Std) 	WindowFactory for 'CEGUI/ItemListbox' windows removed. (0x2c8e490)
05/06/2016 22:25:24 (Std) 	Deleted WindowFactory for 'CEGUI/ItemListbox' windows.
05/06/2016 22:25:24 (Std) 	WindowFactory for 'CEGUI/ProgressBar' windows removed. (0x2c8d2b0)
05/06/2016 22:25:24 (Std) 	Deleted WindowFactory for 'CEGUI/ProgressBar' windows.
05/06/2016 22:25:24 (Std) 	WindowFactory for 'CEGUI/RadioButton' windows removed. (0x2c8ba50)
05/06/2016 22:25:24 (Std) 	Deleted WindowFactory for 'CEGUI/RadioButton' windows.
05/06/2016 22:25:24 (Std) 	WindowFactory for 'ScrolledContainer' windows removed. (0x2c8b570)
05/06/2016 22:25:24 (Std) 	Deleted WindowFactory for 'ScrolledContainer' windows.
05/06/2016 22:25:24 (Std) 	WindowFactory for 'CEGUI/ToggleButton' windows removed. (0x2c8e150)
05/06/2016 22:25:24 (Std) 	Deleted WindowFactory for 'CEGUI/ToggleButton' windows.
05/06/2016 22:25:24 (Std) 	WindowFactory for 'CEGUI/ComboDropList' windows removed. (0x2c8bd90)
05/06/2016 22:25:24 (Std) 	Deleted WindowFactory for 'CEGUI/ComboDropList' windows.
05/06/2016 22:25:24 (Std) 	WindowFactory for 'GridLayoutContainer' windows removed. (0x2c8efa0)
05/06/2016 22:25:24 (Std) 	Deleted WindowFactory for 'GridLayoutContainer' windows.
05/06/2016 22:25:24 (Std) 	WindowFactory for 'CEGUI/ScrollablePane' windows removed. (0x2c8d450)
05/06/2016 22:25:24 (Std) 	Deleted WindowFactory for 'CEGUI/ScrollablePane' windows.
05/06/2016 22:25:24 (Std) 	WindowFactory for 'CEGUI/MultiColumnList' windows removed. (0x2c8cf70)
05/06/2016 22:25:24 (Std) 	Deleted WindowFactory for 'CEGUI/MultiColumnList' windows.
05/06/2016 22:25:24 (Std) 	WindowFactory for 'CEGUI/MultiLineEditbox' windows removed. (0x2c8d110)
05/06/2016 22:25:24 (Std) 	Deleted WindowFactory for 'CEGUI/MultiLineEditbox' windows.
05/06/2016 22:25:24 (Std) 	WindowFactory for 'CEGUI/ListHeaderSegment' windows removed. (0x2c8c7e0)
05/06/2016 22:25:24 (Std) 	Deleted WindowFactory for 'CEGUI/ListHeaderSegment' windows.
05/06/2016 22:25:24 (Std) 	WindowFactory for 'VerticalLayoutContainer' windows removed. (0x2c8ee00)
05/06/2016 22:25:24 (Std) 	Deleted WindowFactory for 'VerticalLayoutContainer' windows.
05/06/2016 22:25:24 (Std) 	WindowFactory for 'HorizontalLayoutContainer' windows removed. (0x2c8ec60)
05/06/2016 22:25:24 (Std) 	Deleted WindowFactory for 'HorizontalLayoutContainer' windows.
05/06/2016 22:25:24 (Std) 	---- Begining cleanup of GUI Scheme system ----
05/06/2016 22:25:24 (Std) 	WindowRendererFactory for 'Core/Button' WindowRenderers removed. (0x2e47760)
05/06/2016 22:25:24 (Std) 	Deleted WindowRendererFactory for 'Core/Button' WindowRenderers.
05/06/2016 22:25:24 (Std) 	WindowRendererFactory for 'Core/Default' WindowRenderers removed. (0x2e9b0b0)
05/06/2016 22:25:24 (Std) 	Deleted WindowRendererFactory for 'Core/Default' WindowRenderers.
05/06/2016 22:25:24 (Std) 	WindowRendererFactory for 'Core/Editbox' WindowRenderers removed. (0x2e9b250)
05/06/2016 22:25:24 (Std) 	Deleted WindowRendererFactory for 'Core/Editbox' WindowRenderers.
05/06/2016 22:25:24 (Std) 	WindowRendererFactory for 'Core/FrameWindow' WindowRenderers removed. (0x2e9b3f0)
05/06/2016 22:25:24 (Std) 	Deleted WindowRendererFactory for 'Core/FrameWindow' WindowRenderers.
05/06/2016 22:25:24 (Std) 	WindowRendererFactory for 'Core/ItemEntry' WindowRenderers removed. (0x2e35b00)
05/06/2016 22:25:24 (Std) 	Deleted WindowRendererFactory for 'Core/ItemEntry' WindowRenderers.
05/06/2016 22:25:24 (Std) 	WindowRendererFactory for 'Core/ListHeader' WindowRenderers removed. (0x2e35ca0)
05/06/2016 22:25:24 (Std) 	Deleted WindowRendererFactory for 'Core/ListHeader' WindowRenderers.
05/06/2016 22:25:24 (Std) 	WindowRendererFactory for 'Core/ListHeaderSegment' WindowRenderers removed. (0x2e35d60)
05/06/2016 22:25:24 (Std) 	Deleted WindowRendererFactory for 'Core/ListHeaderSegment' WindowRenderers.
05/06/2016 22:25:24 (Std) 	WindowRendererFactory for 'Core/Listbox' WindowRenderers removed. (0x2c9c150)
05/06/2016 22:25:24 (Std) 	Deleted WindowRendererFactory for 'Core/Listbox' WindowRenderers.
05/06/2016 22:25:24 (Std) 	WindowRendererFactory for 'Core/Menubar' WindowRenderers removed. (0x2c9c2f0)
05/06/2016 22:25:24 (Std) 	Deleted WindowRendererFactory for 'Core/Menubar' WindowRenderers.
05/06/2016 22:25:24 (Std) 	WindowRendererFactory for 'Core/MenuItem' WindowRenderers removed. (0x2c9c490)
05/06/2016 22:25:24 (Std) 	Deleted WindowRendererFactory for 'Core/MenuItem' WindowRenderers.
05/06/2016 22:25:24 (Std) 	WindowRendererFactory for 'Core/MultiColumnList' WindowRenderers removed. (0x2c9c630)
05/06/2016 22:25:24 (Std) 	Deleted WindowRendererFactory for 'Core/MultiColumnList' WindowRenderers.
05/06/2016 22:25:24 (Std) 	WindowRendererFactory for 'Core/MultiLineEditbox' WindowRenderers removed. (0x2ef0de0)
05/06/2016 22:25:24 (Std) 	Deleted WindowRendererFactory for 'Core/MultiLineEditbox' WindowRenderers.
05/06/2016 22:25:24 (Std) 	WindowRendererFactory for 'Core/PopupMenu' WindowRenderers removed. (0x2ef0f80)
05/06/2016 22:25:24 (Std) 	Deleted WindowRendererFactory for 'Core/PopupMenu' WindowRenderers.
05/06/2016 22:25:24 (Std) 	WindowRendererFactory for 'Core/ProgressBar' WindowRenderers removed. (0x2ef1120)
05/06/2016 22:25:24 (Std) 	Deleted WindowRendererFactory for 'Core/ProgressBar' WindowRenderers.
05/06/2016 22:25:24 (Std) 	WindowRendererFactory for 'Core/ScrollablePane' WindowRenderers removed. (0x2ef12c0)
05/06/2016 22:25:24 (Std) 	Deleted WindowRendererFactory for 'Core/ScrollablePane' WindowRenderers.
05/06/2016 22:25:24 (Std) 	WindowRendererFactory for 'Core/Scrollbar' WindowRenderers removed. (0x2ef1ae0)
05/06/2016 22:25:24 (Std) 	Deleted WindowRendererFactory for 'Core/Scrollbar' WindowRenderers.
05/06/2016 22:25:24 (Std) 	WindowRendererFactory for 'Core/Slider' WindowRenderers removed. (0x2ef1c80)
05/06/2016 22:25:24 (Std) 	Deleted WindowRendererFactory for 'Core/Slider' WindowRenderers.
05/06/2016 22:25:24 (Std) 	WindowRendererFactory for 'Core/Static' WindowRenderers removed. (0x2ef1f30)
05/06/2016 22:25:24 (Std) 	Deleted WindowRendererFactory for 'Core/Static' WindowRenderers.
05/06/2016 22:25:24 (Std) 	WindowRendererFactory for 'Core/StaticImage' WindowRenderers removed. (0x2ef20d0)
05/06/2016 22:25:24 (Std) 	Deleted WindowRendererFactory for 'Core/StaticImage' WindowRenderers.
05/06/2016 22:25:24 (Std) 	WindowRendererFactory for 'Core/StaticText' WindowRenderers removed. (0x2ee6cc0)
05/06/2016 22:25:24 (Std) 	Deleted WindowRendererFactory for 'Core/StaticText' WindowRenderers.
05/06/2016 22:25:24 (Std) 	WindowRendererFactory for 'Core/TabButton' WindowRenderers removed. (0x2ee6e60)
05/06/2016 22:25:24 (Std) 	Deleted WindowRendererFactory for 'Core/TabButton' WindowRenderers.
05/06/2016 22:25:24 (Std) 	WindowRendererFactory for 'Core/TabControl' WindowRenderers removed. (0x2ee7000)
05/06/2016 22:25:24 (Std) 	Deleted WindowRendererFactory for 'Core/TabControl' WindowRenderers.
05/06/2016 22:25:24 (Std) 	WindowRendererFactory for 'Core/Titlebar' WindowRenderers removed. (0x2ee71a0)
05/06/2016 22:25:24 (Std) 	Deleted WindowRendererFactory for 'Core/Titlebar' WindowRenderers.
05/06/2016 22:25:24 (Std) 	WindowRendererFactory for 'Core/ToggleButton' WindowRenderers removed. (0x2ee7340)
05/06/2016 22:25:24 (Std) 	Deleted WindowRendererFactory for 'Core/ToggleButton' WindowRenderers.
05/06/2016 22:25:24 (Std) 	WindowRendererFactory for 'Core/Tooltip' WindowRenderers removed. (0x2ee74e0)
05/06/2016 22:25:24 (Std) 	Deleted WindowRendererFactory for 'Core/Tooltip' WindowRenderers.
05/06/2016 22:25:24 (Std) 	WindowRendererFactory for 'Core/ItemListbox' WindowRenderers removed. (0x2c8f220)
05/06/2016 22:25:24 (Std) 	Deleted WindowRendererFactory for 'Core/ItemListbox' WindowRenderers.
05/06/2016 22:25:24 (Std) 	WindowRendererFactory for 'Core/Tree' WindowRenderers removed. (0x2c8f3c0)
05/06/2016 22:25:24 (Std) 	Deleted WindowRendererFactory for 'Core/Tree' WindowRenderers.
05/06/2016 22:25:24 (Std) 	CEGUI::SchemeManager singleton destroyed. (0x2c866b0)
05/06/2016 22:25:24 (Std) 	CEGUI::WindowManager singleton destroyed (0x2c85700)
05/06/2016 22:25:24 (Std) 	CEGUI::WindowFactoryManager singleton destroyed
05/06/2016 22:25:24 (Std) 	CEGUI::WidgetLookManager singleton destroyed. (0x2c57ae0)
05/06/2016 22:25:24 (Std) 	CEGUI::WindowRendererManager singleton destroyed (0x2c84ef0)
05/06/2016 22:25:24 (Std) 	CEGUI::AnimationManager singleton destroyed (0x2c867e0)
05/06/2016 22:25:24 (Std) 	CEGUI::RenderEffectManager singleton destroyed (0x2c84af0)
05/06/2016 22:25:24 (Std) 	---- Begining cleanup of Font system ----
05/06/2016 22:25:24 (Std) 	[OgreRenderer] Destroyed texture: DejaVuSans-12_auto_glyph_images_32
05/06/2016 22:25:24 (Std) 	CEGUI::FontManager singleton destroyed. (0x2c864e0)
05/06/2016 22:25:24 (Std) 	[ImageManager] Deleted image: TaharezLook/MenuTop
05/06/2016 22:25:24 (Std) 	[ImageManager] Deleted image: TaharezLook/UpArrow
05/06/2016 22:25:24 (Std) 	[ImageManager] Deleted image: TaharezLook/MenuLeft
05/06/2016 22:25:24 (Std) 	[ImageManager] Deleted image: TaharezLook/MenuRight
05/06/2016 22:25:24 (Std) 	[ImageManager] Deleted image: TaharezLook/StaticTop
05/06/2016 22:25:24 (Std) 	[ImageManager] Deleted image: TaharezLook/ListboxTop
05/06/2016 22:25:24 (Std) 	[ImageManager] Deleted image: TaharezLook/MenuBottom
05/06/2016 22:25:24 (Std) 	[ImageManager] Deleted image: TaharezLook/MenuMiddle
05/06/2016 22:25:24 (Std) 	[ImageManager] Deleted image: TaharezLook/MouseArrow
05/06/2016 22:25:24 (Std) 	[ImageManager] Deleted image: TaharezLook/StaticLeft
05/06/2016 22:25:24 (Std) 	[ImageManager] Deleted image: TaharezLook/ClientBrush
05/06/2016 22:25:24 (Std) 	[ImageManager] Deleted image: TaharezLook/EditBoxLeft
05/06/2016 22:25:24 (Std) 	[ImageManager] Deleted image: TaharezLook/ListboxLeft
05/06/2016 22:25:24 (Std) 	[ImageManager] Deleted image: TaharezLook/MenuTopLeft
05/06/2016 22:25:24 (Std) 	[ImageManager] Deleted image: TaharezLook/MouseTarget
05/06/2016 22:25:24 (Std) 	[ImageManager] Deleted image: TaharezLook/StaticRight
05/06/2016 22:25:24 (Std) 	[ImageManager] Deleted image: TaharezLook/CheckboxMark
05/06/2016 22:25:24 (Std) 	[ImageManager] Deleted image: TaharezLook/EditBoxCaret
05/06/2016 22:25:24 (Std) 	[ImageManager] Deleted image: TaharezLook/EditBoxRight
05/06/2016 22:25:24 (Std) 	[ImageManager] Deleted image: TaharezLook/GenericBrush
05/06/2016 22:25:24 (Std) 	[ImageManager] Deleted image: TaharezLook/ListboxRight
05/06/2016 22:25:24 (Std) 	[ImageManager] Deleted image: TaharezLook/MenuTopRight
05/06/2016 22:25:24 (Std) 	[ImageManager] Deleted image: TaharezLook/MouseTextBar
05/06/2016 22:25:24 (Std) 	[ImageManager] Deleted image: TaharezLook/MultiListTop
05/06/2016 22:25:24 (Std) 	[ImageManager] Deleted image: TaharezLook/StaticBottom
05/06/2016 22:25:24 (Std) 	[ImageManager] Deleted image: TaharezLook/SysAreaRight
05/06/2016 22:25:24 (Std) 	[ImageManager] Deleted image: TaharezLook/TitlebarLeft
05/06/2016 22:25:24 (Std) 	[ImageManager] Deleted image: TaharezLook/CheckboxHover
05/06/2016 22:25:24 (Std) 	[ImageManager] Deleted image: TaharezLook/EditBoxMiddle
05/06/2016 22:25:24 (Std) 	[ImageManager] Deleted image: TaharezLook/ListboxBottom
05/06/2016 22:25:24 (Std) 	[ImageManager] Deleted image: TaharezLook/MultiListLeft
05/06/2016 22:25:24 (Std) 	[ImageManager] Deleted image: TaharezLook/StaticTopLeft
05/06/2016 22:25:24 (Std) 	[ImageManager] Deleted image: TaharezLook/SysAreaMiddle
05/06/2016 22:25:24 (Std) 	[ImageManager] Deleted image: TaharezLook/TitlebarRight
05/06/2016 22:25:24 (Std) 	[ImageManager] Deleted image: TaharezLook/TooltipMiddle
05/06/2016 22:25:24 (Std) 	[ImageManager] Deleted image: TaharezLook/VertScrollTop
05/06/2016 22:25:24 (Std) 	[ImageManager] Deleted image: TaharezLook/WindowTopEdge
05/06/2016 22:25:24 (Std) 	[ImageManager] Deleted image: TaharezLook/WindowTopLeft
05/06/2016 22:25:24 (Std) 	[ImageManager] Deleted image: TaharezLook/CheckboxNormal
05/06/2016 22:25:24 (Std) 	[ImageManager] Deleted image: TaharezLook/ListboxTopLeft
05/06/2016 22:25:24 (Std) 	[ImageManager] Deleted image: TaharezLook/MenuBottomLeft
05/06/2016 22:25:24 (Std) 	[ImageManager] Deleted image: TaharezLook/MultiListRight
05/06/2016 22:25:24 (Std) 	[ImageManager] Deleted image: TaharezLook/SpinnerUpHover
05/06/2016 22:25:24 (Std) 	[ImageManager] Deleted image: TaharezLook/StaticBackdrop
05/06/2016 22:25:24 (Std) 	[ImageManager] Deleted image: TaharezLook/StaticTopRight
05/06/2016 22:25:24 (Std) 	[ImageManager] Deleted image: TaharezLook/TitlebarMiddle
05/06/2016 22:25:24 (Std) 	[ImageManager] Deleted image: TaharezLook/TooltipTopEdge
05/06/2016 22:25:24 (Std) 	[ImageManager] Deleted image: TaharezLook/TooltipTopLeft
05/06/2016 22:25:24 (Std) 	[ImageManager] Deleted image: TaharezLook/TreeListClosed
05/06/2016 22:25:24 (Std) 	[ImageManager] Deleted image: TaharezLook/TreeListOpened
05/06/2016 22:25:24 (Std) 	[ImageManager] Deleted image: TaharezLook/VertSliderBody
05/06/2016 22:25:24 (Std) 	[ImageManager] Deleted image: TaharezLook/WindowLeftEdge
05/06/2016 22:25:24 (Std) 	[ImageManager] Deleted image: TaharezLook/WindowTopRight
05/06/2016 22:25:24 (Std) 	[ImageManager] Deleted image: TaharezLook/AltProgressHalf
05/06/2016 22:25:24 (Std) 	[ImageManager] Deleted image: TaharezLook/AltProgressLeft
05/06/2016 22:25:24 (Std) 	[ImageManager] Deleted image: TaharezLook/ComboboxListTop
05/06/2016 22:25:24 (Std) 	[ImageManager] Deleted image: TaharezLook/HeaderBarSortUp
05/06/2016 22:25:24 (Std) 	[ImageManager] Deleted image: TaharezLook/ListboxBackdrop
05/06/2016 22:25:24 (Std) 	[ImageManager] Deleted image: TaharezLook/ListboxTopRight
05/06/2016 22:25:24 (Std) 	[ImageManager] Deleted image: TaharezLook/MenuBottomRight
05/06/2016 22:25:24 (Std) 	[ImageManager] Deleted image: TaharezLook/MouseEsWeCursor
05/06/2016 22:25:24 (Std) 	[ImageManager] Deleted image: TaharezLook/MouseMoveCursor
05/06/2016 22:25:24 (Std) 	[ImageManager] Deleted image: TaharezLook/MouseNeSwCursor
05/06/2016 22:25:24 (Std) 	[ImageManager] Deleted image: TaharezLook/MouseNoSoCursor
05/06/2016 22:25:24 (Std) 	[ImageManager] Deleted image: TaharezLook/MouseNwSeCursor
05/06/2016 22:25:24 (Std) 	[ImageManager] Deleted image: TaharezLook/MultiListBottom
05/06/2016 22:25:24 (Std) 	[ImageManager] Deleted image: TaharezLook/NewTitlebarLeft
05/06/2016 22:25:24 (Std) 	[ImageManager] Deleted image: TaharezLook/PopupMenuMiddle
05/06/2016 22:25:24 (Std) 	[ImageManager] Deleted image: TaharezLook/ProgressBarLeft
05/06/2016 22:25:24 (Std) 	[ImageManager] Deleted image: TaharezLook/RadioButtonMark
05/06/2016 22:25:24 (Std) 	[ImageManager] Deleted image: TaharezLook/SpinnerUpNormal
05/06/2016 22:25:24 (Std) 	[ImageManager] Deleted image: TaharezLook/TooltipLeftEdge
05/06/2016 22:25:24 (Std) 	[ImageManager] Deleted image: TaharezLook/TooltipTopRight
05/06/2016 22:25:24 (Std) 	[ImageManager] Deleted image: TaharezLook/WindowRightEdge
05/06/2016 22:25:24 (Std) 	[ImageManager] Deleted image: TaharezLook/AltProgressRight
05/06/2016 22:25:24 (Std) 	[ImageManager] Deleted image: TaharezLook/ButtonLeftNormal
05/06/2016 22:25:24 (Std) 	[ImageManager] Deleted image: TaharezLook/ButtonLeftPushed
05/06/2016 22:25:24 (Std) 	[ImageManager] Deleted image: TaharezLook/CloseButtonHover
05/06/2016 22:25:24 (Std) 	[ImageManager] Deleted image: TaharezLook/ComboboxEditLeft
05/06/2016 22:25:24 (Std) 	[ImageManager] Deleted image: TaharezLook/ComboboxListLeft
05/06/2016 22:25:24 (Std) 	[ImageManager] Deleted image: TaharezLook/MultiListTopLeft
05/06/2016 22:25:24 (Std) 	[ImageManager] Deleted image: TaharezLook/NewTitlebarRight
05/06/2016 22:25:24 (Std) 	[ImageManager] Deleted image: TaharezLook/ProgressBarRight
05/06/2016 22:25:24 (Std) 	[ImageManager] Deleted image: TaharezLook/RadioButtonHover
05/06/2016 22:25:24 (Std) 	[ImageManager] Deleted image: TaharezLook/SpinnerDownHover
05/06/2016 22:25:24 (Std) 	[ImageManager] Deleted image: TaharezLook/StaticBottomLeft
05/06/2016 22:25:24 (Std) 	[ImageManager] Deleted image: TaharezLook/TooltipRightEdge
05/06/2016 22:25:24 (Std) 	[ImageManager] Deleted image: TaharezLook/VertScrollBottom
05/06/2016 22:25:24 (Std) 	[ImageManager] Deleted image: TaharezLook/VertScrollMiddle
05/06/2016 22:25:24 (Std) 	[ImageManager] Deleted image: TaharezLook/WindowBottomEdge
05/06/2016 22:25:24 (Std) 	[ImageManager] Deleted image: TaharezLook/WindowBottomLeft
05/06/2016 22:25:24 (Std) 	[ImageManager] Deleted image: TaharezLook/AltProgressLight1
05/06/2016 22:25:24 (Std) 	[ImageManager] Deleted image: TaharezLook/AltProgressLight2
05/06/2016 22:25:24 (Std) 	[ImageManager] Deleted image: TaharezLook/AltProgressLight3
05/06/2016 22:25:24 (Std) 	[ImageManager] Deleted image: TaharezLook/AltProgressLight4
05/06/2016 22:25:24 (Std) 	[ImageManager] Deleted image: TaharezLook/AltProgressLight5
05/06/2016 22:25:24 (Std) 	[ImageManager] Deleted image: TaharezLook/AltProgressLight6
05/06/2016 22:25:24 (Std) 	[ImageManager] Deleted image: TaharezLook/AltProgressLight7
05/06/2016 22:25:24 (Std) 	[ImageManager] Deleted image: TaharezLook/AltProgressLight8
05/06/2016 22:25:24 (Std) 	[ImageManager] Deleted image: TaharezLook/AltProgressLight9
05/06/2016 22:25:24 (Std) 	[ImageManager] Deleted image: TaharezLook/AltProgressMiddle
05/06/2016 22:25:24 (Std) 	[ImageManager] Deleted image: TaharezLook/ButtonRightNormal
05/06/2016 22:25:24 (Std) 	[ImageManager] Deleted image: TaharezLook/ButtonRightPushed
05/06/2016 22:25:24 (Std) 	[ImageManager] Deleted image: TaharezLook/CloseButtonNormal
05/06/2016 22:25:24 (Std) 	[ImageManager] Deleted image: TaharezLook/ComboboxListRight
05/06/2016 22:25:24 (Std) 	[ImageManager] Deleted image: TaharezLook/HeaderBarSortDown
05/06/2016 22:25:24 (Std) 	[ImageManager] Deleted image: TaharezLook/ListboxBottomLeft
05/06/2016 22:25:24 (Std) 	[ImageManager] Deleted image: TaharezLook/MultiListBackdrop
05/06/2016 22:25:24 (Std) 	[ImageManager] Deleted image: TaharezLook/MultiListTopRight
05/06/2016 22:25:24 (Std) 	[ImageManager] Deleted image: TaharezLook/NewTitlebarMiddle
05/06/2016 22:25:24 (Std) 	[ImageManager] Deleted image: TaharezLook/PopupMenuFrameTop
05/06/2016 22:25:24 (Std) 	[ImageManager] Deleted image: TaharezLook/ProgressBarMiddle
05/06/2016 22:25:24 (Std) 	[ImageManager] Deleted image: TaharezLook/RadioButtonNormal
05/06/2016 22:25:24 (Std) 	[ImageManager] Deleted image: TaharezLook/SpinnerDownNormal
05/06/2016 22:25:24 (Std) 	[ImageManager] Deleted image: TaharezLook/StaticBottomRight
05/06/2016 22:25:24 (Std) 	[ImageManager] Deleted image: TaharezLook/TooltipBottomEdge
05/06/2016 22:25:24 (Std) 	[ImageManager] Deleted image: TaharezLook/TooltipBottomLeft
05/06/2016 22:25:24 (Std) 	[ImageManager] Deleted image: TaharezLook/VertScrollUpHover
05/06/2016 22:25:24 (Std) 	[ImageManager] Deleted image: TaharezLook/WindowBottomRight
05/06/2016 22:25:24 (Std) 	[ImageManager] Deleted image: TaharezLook/AltProgressLight10
05/06/2016 22:25:24 (Std) 	[ImageManager] Deleted image: TaharezLook/AltProgressQuarter
05/06/2016 22:25:24 (Std) 	[ImageManager] Deleted image: TaharezLook/ButtonMiddleNormal
05/06/2016 22:25:24 (Std) 	[ImageManager] Deleted image: TaharezLook/ButtonMiddlePushed
05/06/2016 22:25:24 (Std) 	[ImageManager] Deleted image: TaharezLook/CloseButtonPressed
05/06/2016 22:25:24 (Std) 	[ImageManager] Deleted image: TaharezLook/ComboboxEditMiddle
05/06/2016 22:25:24 (Std) 	[ImageManager] Deleted image: TaharezLook/ComboboxListBottom
05/06/2016 22:25:24 (Std) 	[ImageManager] Deleted image: TaharezLook/ListboxBottomRight
05/06/2016 22:25:24 (Std) 	[ImageManager] Deleted image: TaharezLook/PopupMenuArrowLeft
05/06/2016 22:25:24 (Std) 	[ImageManager] Deleted image: TaharezLook/PopupMenuFrameLeft
05/06/2016 22:25:24 (Std) 	[ImageManager] Deleted image: TaharezLook/TabContentPaneLeft
05/06/2016 22:25:24 (Std) 	[ImageManager] Deleted image: TaharezLook/TextSelectionBrush
05/06/2016 22:25:24 (Std) 	[ImageManager] Deleted image: TaharezLook/TooltipBottomRight
05/06/2016 22:25:24 (Std) 	[ImageManager] Deleted image: TaharezLook/VertScrollUpNormal
05/06/2016 22:25:24 (Std) 	[ImageManager] Deleted image: TaharezLook/ButtonLeftHighlight
05/06/2016 22:25:24 (Std) 	[ImageManager] Deleted image: TaharezLook/ComboboxDividerLeft
05/06/2016 22:25:24 (Std) 	[ImageManager] Deleted image: TaharezLook/ComboboxListTopLeft
05/06/2016 22:25:24 (Std) 	[ImageManager] Deleted image: TaharezLook/MultiLineEditboxTop
05/06/2016 22:25:24 (Std) 	[ImageManager] Deleted image: TaharezLook/MultiListBottomLeft
05/06/2016 22:25:24 (Std) 	[ImageManager] Deleted image: TaharezLook/NewCloseButtonHover
05/06/2016 22:25:24 (Std) 	[ImageManager] Deleted image: TaharezLook/PopupMenuArrowRight
05/06/2016 22:25:24 (Std) 	[ImageManager] Deleted image: TaharezLook/PopupMenuFrameRight
05/06/2016 22:25:24 (Std) 	[ImageManager] Deleted image: TaharezLook/TabButtonLeftNormal
05/06/2016 22:25:24 (Std) 	[ImageManager] Deleted image: TaharezLook/TabContentPaneLower
05/06/2016 22:25:24 (Std) 	[ImageManager] Deleted image: TaharezLook/TabContentPaneRight
05/06/2016 22:25:24 (Std) 	[ImageManager] Deleted image: TaharezLook/TabContentPaneUpper
05/06/2016 22:25:24 (Std) 	[ImageManager] Deleted image: TaharezLook/TabHorizontalFiller
05/06/2016 22:25:24 (Std) 	[ImageManager] Deleted image: TaharezLook/VertScrollDownHover
05/06/2016 22:25:24 (Std) 	[ImageManager] Deleted image: TaharezLook/ButtonRightHighlight
05/06/2016 22:25:24 (Std) 	[ImageManager] Deleted image: TaharezLook/ComboboxDividerRight
05/06/2016 22:25:24 (Std) 	[ImageManager] Deleted image: TaharezLook/ComboboxListBackdrop
05/06/2016 22:25:24 (Std) 	[ImageManager] Deleted image: TaharezLook/ComboboxListTopRight
05/06/2016 22:25:24 (Std) 	[ImageManager] Deleted image: TaharezLook/MultiLineEditboxLeft
05/06/2016 22:25:24 (Std) 	[ImageManager] Deleted image: TaharezLook/MultiListBottomRight
05/06/2016 22:25:24 (Std) 	[ImageManager] Deleted image: TaharezLook/NewCloseButtonNormal
05/06/2016 22:25:24 (Std) 	[ImageManager] Deleted image: TaharezLook/PopupMenuFrameBottom
05/06/2016 22:25:24 (Std) 	[ImageManager] Deleted image: TaharezLook/TabButtonLowerNormal
05/06/2016 22:25:24 (Std) 	[ImageManager] Deleted image: TaharezLook/TabButtonRightNormal
05/06/2016 22:25:24 (Std) 	[ImageManager] Deleted image: TaharezLook/TabButtonUpperNormal
05/06/2016 22:25:24 (Std) 	[ImageManager] Deleted image: TaharezLook/TabContentPaneMiddle
05/06/2016 22:25:24 (Std) 	[ImageManager] Deleted image: TaharezLook/VertScrollBarSegment
05/06/2016 22:25:24 (Std) 	[ImageManager] Deleted image: TaharezLook/VertScrollDownNormal
05/06/2016 22:25:24 (Std) 	[ImageManager] Deleted image: TaharezLook/VertScrollThumbHover
05/06/2016 22:25:24 (Std) 	[ImageManager] Deleted image: TaharezLook/VertSliderThumbHover
05/06/2016 22:25:24 (Std) 	[ImageManager] Deleted image: TaharezLook/ButtonMiddleHighlight
05/06/2016 22:25:24 (Std) 	[ImageManager] Deleted image: TaharezLook/ComboboxDividerMiddle
05/06/2016 22:25:24 (Std) 	[ImageManager] Deleted image: TaharezLook/ListboxSelectionBrush
05/06/2016 22:25:24 (Std) 	[ImageManager] Deleted image: TaharezLook/MiniVertScrollUpHover
05/06/2016 22:25:24 (Std) 	[ImageManager] Deleted image: TaharezLook/MultiLineEditboxRight
05/06/2016 22:25:24 (Std) 	[ImageManager] Deleted image: TaharezLook/NewCloseButtonPressed
05/06/2016 22:25:24 (Std) 	[ImageManager] Deleted image: TaharezLook/PopupMenuFrameTopLeft
05/06/2016 22:25:24 (Std) 	[ImageManager] Deleted image: TaharezLook/ProgressBarDimSegment
05/06/2016 22:25:24 (Std) 	[ImageManager] Deleted image: TaharezLook/ProgressBarLitSegment
05/06/2016 22:25:24 (Std) 	[ImageManager] Deleted image: TaharezLook/TabButtonLeftSelected
05/06/2016 22:25:24 (Std) 	[ImageManager] Deleted image: TaharezLook/TabButtonMiddleNormal
05/06/2016 22:25:24 (Std) 	[ImageManager] Deleted image: TaharezLook/VertScrollThumbNormal
05/06/2016 22:25:24 (Std) 	[ImageManager] Deleted image: TaharezLook/VertSliderThumbNormal
05/06/2016 22:25:24 (Std) 	[ImageManager] Deleted image: TaharezLook/ComboboxListBottomLeft
05/06/2016 22:25:24 (Std) 	[ImageManager] Deleted image: TaharezLook/ComboboxSelectionBrush
05/06/2016 22:25:24 (Std) 	[ImageManager] Deleted image: TaharezLook/HeaderBarBackdropHover
05/06/2016 22:25:24 (Std) 	[ImageManager] Deleted image: TaharezLook/HeaderBarSplitterHover
05/06/2016 22:25:24 (Std) 	[ImageManager] Deleted image: TaharezLook/MiniVertScrollUpNormal
05/06/2016 22:25:24 (Std) 	[ImageManager] Deleted image: TaharezLook/MultiLineEditboxBottom
05/06/2016 22:25:24 (Std) 	[ImageManager] Deleted image: TaharezLook/PopupMenuFrameTopRight
05/06/2016 22:25:24 (Std) 	[ImageManager] Deleted image: TaharezLook/TabButtonLowerSelected
05/06/2016 22:25:24 (Std) 	[ImageManager] Deleted image: TaharezLook/TabButtonRightSelected
05/06/2016 22:25:24 (Std) 	[ImageManager] Deleted image: TaharezLook/TabButtonUpperSelected
05/06/2016 22:25:24 (Std) 	[ImageManager] Deleted image: TaharezLook/ComboboxListBottomRight
05/06/2016 22:25:24 (Std) 	[ImageManager] Deleted image: TaharezLook/ComboboxListButtonHover
05/06/2016 22:25:24 (Std) 	[ImageManager] Deleted image: TaharezLook/HeaderBarBackdropNormal
05/06/2016 22:25:24 (Std) 	[ImageManager] Deleted image: TaharezLook/HeaderBarSplitterNormal
05/06/2016 22:25:24 (Std) 	[ImageManager] Deleted image: TaharezLook/MiniHorzScrollLeftHover
05/06/2016 22:25:24 (Std) 	[ImageManager] Deleted image: TaharezLook/MiniVertScrollDownHover
05/06/2016 22:25:24 (Std) 	[ImageManager] Deleted image: TaharezLook/MultiLineEditboxTopLeft
05/06/2016 22:25:24 (Std) 	[ImageManager] Deleted image: TaharezLook/MultiListSelectionBrush
05/06/2016 22:25:24 (Std) 	[ImageManager] Deleted image: TaharezLook/TabButtonMiddleSelected
05/06/2016 22:25:24 (Std) 	[ImageManager] Deleted image: TaharezLook/TabContentPaneLowerLeft
05/06/2016 22:25:24 (Std) 	[ImageManager] Deleted image: TaharezLook/TabContentPaneUpperLeft
05/06/2016 22:25:24 (Std) 	[ImageManager] Deleted image: TaharezLook/ComboboxListButtonNormal
05/06/2016 22:25:24 (Std) 	[ImageManager] Deleted image: TaharezLook/MiniHorzScrollBarSegment
05/06/2016 22:25:24 (Std) 	[ImageManager] Deleted image: TaharezLook/MiniHorzScrollLeftNormal
05/06/2016 22:25:24 (Std) 	[ImageManager] Deleted image: TaharezLook/MiniHorzScrollRightHover
05/06/2016 22:25:24 (Std) 	[ImageManager] Deleted image: TaharezLook/MiniHorzScrollThumbHover
05/06/2016 22:25:24 (Std) 	[ImageManager] Deleted image: TaharezLook/MiniVertScrollBarSegment
05/06/2016 22:25:24 (Std) 	[ImageManager] Deleted image: TaharezLook/MiniVertScrollDownNormal
05/06/2016 22:25:24 (Std) 	[ImageManager] Deleted image: TaharezLook/MiniVertScrollThumbHover
05/06/2016 22:25:24 (Std) 	[ImageManager] Deleted image: TaharezLook/MultiLineEditboxBackdrop
05/06/2016 22:25:24 (Std) 	[ImageManager] Deleted image: TaharezLook/MultiLineEditboxTopRight
05/06/2016 22:25:24 (Std) 	[ImageManager] Deleted image: TaharezLook/PopupMenuFrameBottomLeft
05/06/2016 22:25:24 (Std) 	[ImageManager] Deleted image: TaharezLook/TabButtonLowerLeftNormal
05/06/2016 22:25:24 (Std) 	[ImageManager] Deleted image: TaharezLook/TabButtonScrollLeftHover
05/06/2016 22:25:24 (Std) 	[ImageManager] Deleted image: TaharezLook/TabButtonUpperLeftNormal
05/06/2016 22:25:24 (Std) 	[ImageManager] Deleted image: TaharezLook/TabContentPaneLowerRight
05/06/2016 22:25:24 (Std) 	[ImageManager] Deleted image: TaharezLook/TabContentPaneUpperRight
05/06/2016 22:25:24 (Std) 	[ImageManager] Deleted image: TaharezLook/MiniHorzScrollRightNormal
05/06/2016 22:25:24 (Std) 	[ImageManager] Deleted image: TaharezLook/MiniHorzScrollThumbNormal
05/06/2016 22:25:24 (Std) 	[ImageManager] Deleted image: TaharezLook/MiniVertScrollThumbNormal
05/06/2016 22:25:24 (Std) 	[ImageManager] Deleted image: TaharezLook/PopupMenuFrameBottomRight
05/06/2016 22:25:24 (Std) 	[ImageManager] Deleted image: TaharezLook/TabButtonLowerRightNormal
05/06/2016 22:25:24 (Std) 	[ImageManager] Deleted image: TaharezLook/TabButtonScrollLeftNormal
05/06/2016 22:25:24 (Std) 	[ImageManager] Deleted image: TaharezLook/TabButtonScrollRightHover
05/06/2016 22:25:24 (Std) 	[ImageManager] Deleted image: TaharezLook/TabButtonUpperLeft2Normal
05/06/2016 22:25:24 (Std) 	[ImageManager] Deleted image: TaharezLook/TabButtonUpperRightNormal
05/06/2016 22:25:24 (Std) 	[ImageManager] Deleted image: TaharezLook/MultiLineEditboxBottomLeft
05/06/2016 22:25:24 (Std) 	[ImageManager] Deleted image: TaharezLook/TabButtonLowerLeftSelected
05/06/2016 22:25:24 (Std) 	[ImageManager] Deleted image: TaharezLook/TabButtonLowerRight2Normal
05/06/2016 22:25:24 (Std) 	[ImageManager] Deleted image: TaharezLook/TabButtonScrollRightNormal
05/06/2016 22:25:24 (Std) 	[ImageManager] Deleted image: TaharezLook/TabButtonUpperLeftSelected
05/06/2016 22:25:24 (Std) 	[ImageManager] Deleted image: TaharezLook/MiniVertScrollThumbTopHover
05/06/2016 22:25:24 (Std) 	[ImageManager] Deleted image: TaharezLook/MultiLineEditboxBottomRight
05/06/2016 22:25:24 (Std) 	[ImageManager] Deleted image: TaharezLook/TabButtonLowerRightSelected
05/06/2016 22:25:24 (Std) 	[ImageManager] Deleted image: TaharezLook/TabButtonUpperRightSelected
05/06/2016 22:25:24 (Std) 	[ImageManager] Deleted image: TaharezLook/MiniHorzScrollThumbLeftHover
05/06/2016 22:25:24 (Std) 	[ImageManager] Deleted image: TaharezLook/MiniVertScrollThumbTopNormal
05/06/2016 22:25:24 (Std) 	[ImageManager] Deleted image: TaharezLook/MiniHorzScrollThumbLeftNormal
05/06/2016 22:25:24 (Std) 	[ImageManager] Deleted image: TaharezLook/MiniHorzScrollThumbRightHover
05/06/2016 22:25:24 (Std) 	[ImageManager] Deleted image: TaharezLook/MiniHorzScrollThumbMiddleHover
05/06/2016 22:25:24 (Std) 	[ImageManager] Deleted image: TaharezLook/MiniHorzScrollThumbRightNormal
05/06/2016 22:25:24 (Std) 	[ImageManager] Deleted image: TaharezLook/MiniVertScrollThumbBottomHover
05/06/2016 22:25:24 (Std) 	[ImageManager] Deleted image: TaharezLook/MiniVertScrollThumbMiddleHover
05/06/2016 22:25:24 (Std) 	[ImageManager] Deleted image: TaharezLook/MultiLineEditboxSelectionBrush
05/06/2016 22:25:24 (Std) 	[ImageManager] Deleted image: TaharezLook/MiniHorzScrollThumbMiddleNormal
05/06/2016 22:25:24 (Std) 	[ImageManager] Deleted image: TaharezLook/MiniVertScrollThumbBottomNormal
05/06/2016 22:25:24 (Std) 	[ImageManager] Deleted image: TaharezLook/MiniVertScrollThumbMiddleNormal
05/06/2016 22:25:24 (Std) 	[CEGUI::ImageManager] Unregistered Image type: BasicImage
05/06/2016 22:25:24 (Std) 	[CEGUI::ImageManager] Singleton destroyed (0x2c88a30)
05/06/2016 22:25:24 (Std) 	CEGUI::GlobalEventSet singleton destroyed. (0x2c85030)
05/06/2016 22:25:24 (Std) 	CEGUI::System singleton destroyed. (0x2c845d0)
05/06/2016 22:25:24 (Std) 	---- CEGUI System destruction completed ----
05/06/2016 22:25:24 (Std) 	CEGUI::Logger singleton destroyed. (0x2c84750)
