22:23:55: Creating resource group General
22:23:55: Creating resource group Internal
22:23:55: Creating resource group Autodetect
22:23:55: SceneManagerFactory for type 'DefaultSceneManager' registered.
22:23:55: Registering ResourceManager for type Material
22:23:55: Registering ResourceManager for type Mesh
22:23:55: Registering ResourceManager for type Skeleton
22:23:55: MovableObjectFactory for type 'ParticleSystem' registered.
22:23:55: ArchiveFactory for archive type FileSystem registered.
22:23:55: ArchiveFactory for archive type Zip registered.
22:23:55: ArchiveFactory for archive type EmbeddedZip registered.
22:23:55: DDS codec registering
22:23:55: FreeImage version: 3.15.4
22:23:55: This program uses FreeImage, a free, open source image library supporting all common bitmap formats. See http://freeimage.sourceforge.net for details
22:23:55: Supported formats: bmp,ico,jpg,jif,jpeg,jpe,jng,koa,iff,lbm,mng,pbm,pbm,pcd,pcx,pgm,pgm,png,ppm,ppm,ras,tga,targa,tif,tiff,wap,wbmp,wbm,psd,cut,xbm,xpm,gif,hdr,g3,sgi,exr,j2k,j2c,jp2,pfm,pct,pict,pic,3fr,arw,bay,bmq,cap,cine,cr2,crw,cs1,dc2,dcr,drf,dsc,dng,erf,fff,ia,iiq,k25,kc2,kdc,mdc,mef,mos,mrw,nef,nrw,orf,pef,ptx,pxn,qtk,raf,raw,rdc,rw2,rwl,rwz,sr2,srf,srw,sti
22:23:55: Registering ResourceManager for type HighLevelGpuProgram
22:23:55: Registering ResourceManager for type Compositor
22:23:55: MovableObjectFactory for type 'Entity' registered.
22:23:55: MovableObjectFactory for type 'Light' registered.
22:23:55: MovableObjectFactory for type 'BillboardSet' registered.
22:23:55: MovableObjectFactory for type 'ManualObject' registered.
22:23:55: MovableObjectFactory for type 'BillboardChain' registered.
22:23:55: MovableObjectFactory for type 'RibbonTrail' registered.
22:23:55: Loading library /usr/local/lib/OGRE/RenderSystem_GL
22:23:55: Installing plugin: GL RenderSystem
22:23:55: OpenGL Rendering Subsystem created.
22:23:55: Plugin successfully installed
22:23:55: Loading library /usr/local/lib/OGRE/Plugin_ParticleFX
22:23:55: Installing plugin: ParticleFX
22:23:55: Particle Emitter Type 'Point' registered
22:23:55: Particle Emitter Type 'Box' registered
22:23:55: Particle Emitter Type 'Ellipsoid' registered
22:23:55: Particle Emitter Type 'Cylinder' registered
22:23:55: Particle Emitter Type 'Ring' registered
22:23:55: Particle Emitter Type 'HollowEllipsoid' registered
22:23:55: Particle Affector Type 'LinearForce' registered
22:23:55: Particle Affector Type 'ColourFader' registered
22:23:55: Particle Affector Type 'ColourFader2' registered
22:23:55: Particle Affector Type 'ColourImage' registered
22:23:55: Particle Affector Type 'ColourInterpolator' registered
22:23:55: Particle Affector Type 'Scaler' registered
22:23:55: Particle Affector Type 'Rotator' registered
22:23:55: Particle Affector Type 'DirectionRandomiser' registered
22:23:55: Particle Affector Type 'DeflectorPlane' registered
22:23:55: Plugin successfully installed
22:23:55: Loading library /usr/local/lib/OGRE/Plugin_BSPSceneManager
22:23:55: Installing plugin: BSP Scene Manager
22:23:55: Plugin successfully installed
22:23:55: Loading library /usr/local/lib/OGRE/Plugin_PCZSceneManager
22:23:55: Installing plugin: Portal Connected Zone Scene Manager
22:23:55: PCZone Factory Type 'ZoneType_Default' registered
22:23:55: Plugin successfully installed
22:23:55: Loading library /usr/local/lib/OGRE/Plugin_OctreeZone
22:23:55: Installing plugin: Octree Zone Factory
22:23:55: Plugin successfully installed
22:23:55: Loading library /usr/local/lib/OGRE/Plugin_OctreeSceneManager
22:23:55: Installing plugin: Octree Scene Manager
22:23:55: Plugin successfully installed
22:23:55: *-*-* OGRE Initialising
22:23:55: *-*-* Version 1.9.0 (Ghadamon)
22:23:55: Creating resource group Essential
22:23:55: Added resource location '/usr/local/share/OGRE/Media/thumbnails' of type 'FileSystem' to resource group 'Essential'
22:23:55: Added resource location '/usr/local/share/OGRE/Media/packs/SdkTrays.zip' of type 'Zip' to resource group 'Essential'
22:23:55: Added resource location '/usr/local/share/OGRE/Media/packs/profiler.zip' of type 'Zip' to resource group 'Essential'
22:23:55: Creating resource group Fonts
22:23:55: Added resource location '/usr/local/share/cegui-0/fonts' of type 'FileSystem' to resource group 'Fonts'
22:23:55: Added resource location '/usr/local/share/OGRE/Media' of type 'FileSystem' to resource group 'General'
22:23:55: Added resource location './obj' of type 'FileSystem' to resource group 'General'
22:23:55: Creating resource group Imagesets
22:23:55: Added resource location '/usr/local/share/cegui-0/imagesets' of type 'FileSystem' to resource group 'Imagesets'
22:23:55: Creating resource group Layouts
22:23:55: Added resource location '/usr/local/share/cegui-0/layouts' of type 'FileSystem' to resource group 'Layouts'
22:23:55: Creating resource group LookNFeel
22:23:55: Added resource location '/usr/local/share/cegui-0/looknfeel' of type 'FileSystem' to resource group 'LookNFeel'
22:23:55: Creating resource group Popular
22:23:55: Added resource location '/usr/local/share/OGRE/Media/fonts' of type 'FileSystem' to resource group 'Popular'
22:23:55: Added resource location '/usr/local/share/OGRE/Media/materials/programs/GLSL' of type 'FileSystem' to resource group 'Popular'
22:23:55: Added resource location '/usr/local/share/OGRE/Media/materials/programs' of type 'FileSystem' to resource group 'Popular'
22:23:55: Added resource location '/usr/local/share/OGRE/Media/materials/scripts' of type 'FileSystem' to resource group 'Popular'
22:23:55: Added resource location '/usr/local/share/OGRE/Media/materials/textures' of type 'FileSystem' to resource group 'Popular'
22:23:55: Added resource location '/usr/local/share/OGRE/Media/materials/textures/nvidia' of type 'FileSystem' to resource group 'Popular'
22:23:55: Added resource location '/usr/local/share/OGRE/Media/models' of type 'FileSystem' to resource group 'Popular'
22:23:55: Added resource location '/usr/local/share/OGRE/Media/particle' of type 'FileSystem' to resource group 'Popular'
22:23:55: Added resource location '/usr/local/share/OGRE/Media/DeferredShadingMedia' of type 'FileSystem' to resource group 'Popular'
22:23:55: Added resource location '/usr/local/share/OGRE/Media/PCZAppMedia' of type 'FileSystem' to resource group 'Popular'
22:23:55: Added resource location '/usr/local/share/OGRE/Media/RTShaderLib' of type 'FileSystem' to resource group 'Popular'
22:23:55: Added resource location '/usr/local/share/OGRE/Media/RTShaderLib/materials' of type 'FileSystem' to resource group 'Popular'
22:23:55: Added resource location '/usr/local/share/OGRE/Media/materials/scripts/SSAO' of type 'FileSystem' to resource group 'Popular'
22:23:55: Added resource location '/usr/local/share/OGRE/Media/materials/textures/SSAO' of type 'FileSystem' to resource group 'Popular'
22:23:55: Added resource location '/usr/local/share/OGRE/Media/volumeTerrain' of type 'FileSystem' to resource group 'Popular'
22:23:55: Added resource location '/usr/local/share/OGRE/Media/packs/cubemap.zip' of type 'Zip' to resource group 'Popular'
22:23:55: Added resource location '/usr/local/share/OGRE/Media/packs/cubemapsJS.zip' of type 'Zip' to resource group 'Popular'
22:23:55: Added resource location '/usr/local/share/OGRE/Media/packs/dragon.zip' of type 'Zip' to resource group 'Popular'
22:23:55: Added resource location '/usr/local/share/OGRE/Media/packs/fresneldemo.zip' of type 'Zip' to resource group 'Popular'
22:23:55: Added resource location '/usr/local/share/OGRE/Media/packs/ogretestmap.zip' of type 'Zip' to resource group 'Popular'
22:23:55: Added resource location '/usr/local/share/OGRE/Media/packs/ogredance.zip' of type 'Zip' to resource group 'Popular'
22:23:55: Added resource location '/usr/local/share/OGRE/Media/packs/Sinbad.zip' of type 'Zip' to resource group 'Popular'
22:23:55: Added resource location '/usr/local/share/OGRE/Media/packs/skybox.zip' of type 'Zip' to resource group 'Popular'
22:23:55: Added resource location '/usr/local/share/OGRE/Media/volumeTerrain/volumeTerrainBig.zip' of type 'Zip' to resource group 'Popular'
22:23:55: Creating resource group Schemes
22:23:55: Added resource location '/usr/local/share/cegui-0/schemes' of type 'FileSystem' to resource group 'Schemes'
22:23:55: Creating resource group Tests
22:23:55: Added resource location '/usr/local/Tests/Media' of type 'FileSystem' to resource group 'Tests'
22:23:57: CPU Identifier & Features
22:23:57: -------------------------
22:23:57:  *   CPU ID: GenuineIntel: Intel(R) Core(TM) i7-5600U CPU @ 2.60GHz
22:23:57:  *      SSE: yes
22:23:57:  *     SSE2: yes
22:23:57:  *     SSE3: yes
22:23:57:  *      MMX: yes
22:23:57:  *   MMXEXT: yes
22:23:57:  *    3DNOW: no
22:23:57:  * 3DNOWEXT: no
22:23:57:  *     CMOV: yes
22:23:57:  *      TSC: yes
22:23:57:  *      FPU: yes
22:23:57:  *      PRO: yes
22:23:57:  *       HT: no
22:23:57: -------------------------
22:23:57: ******************************
*** Starting GLX Subsystem ***
******************************
22:23:57: Registering ResourceManager for type Texture
22:23:57: GLRenderSystem::_createRenderWindow "Worms", 1024x768 windowed  miscParams: FSAA=0 displayFrequency=60 Hz gamma=No vsync=No 
22:23:57: GLXWindow::create used FBConfigID = 190
22:23:57: GL_VERSION = 3.0 Mesa 10.5.9
22:23:57: GL_VENDOR = Intel Open Source Technology Center
22:23:57: GL_RENDERER = Mesa DRI Intel(R) HD Graphics 5500 (Broadwell GT2) 
22:23:57: GL_EXTENSIONS = GL_ARB_multisample GL_EXT_abgr GL_EXT_bgra GL_EXT_blend_color GL_EXT_blend_minmax GL_EXT_blend_subtract GL_EXT_copy_texture GL_EXT_polygon_offset GL_EXT_subtexture GL_EXT_texture_object GL_EXT_vertex_array GL_EXT_compiled_vertex_array GL_EXT_texture GL_EXT_texture3D GL_IBM_rasterpos_clip GL_ARB_point_parameters GL_EXT_draw_range_elements GL_EXT_packed_pixels GL_EXT_point_parameters GL_EXT_rescale_normal GL_EXT_separate_specular_color GL_EXT_texture_edge_clamp GL_SGIS_generate_mipmap GL_SGIS_texture_border_clamp GL_SGIS_texture_edge_clamp GL_SGIS_texture_lod GL_ARB_framebuffer_sRGB GL_ARB_multitexture GL_EXT_framebuffer_sRGB GL_IBM_multimode_draw_arrays GL_IBM_texture_mirrored_repeat GL_3DFX_texture_compression_FXT1 GL_ARB_texture_cube_map GL_ARB_texture_env_add GL_ARB_transpose_matrix GL_EXT_blend_func_separate GL_EXT_fog_coord GL_EXT_multi_draw_arrays GL_EXT_secondary_color GL_EXT_texture_env_add GL_EXT_texture_filter_anisotropic GL_EXT_texture_lod_bias GL_INGR_blend_func_separate GL_NV_blend_square GL_NV_light_max_exponent GL_NV_texgen_reflection GL_NV_texture_env_combine4 GL_S3_s3tc GL_SUN_multi_draw_arrays GL_ARB_texture_border_clamp GL_ARB_texture_compression GL_EXT_framebuffer_object GL_EXT_texture_compression_s3tc GL_EXT_texture_env_combine GL_EXT_texture_env_dot3 GL_MESA_window_pos GL_NV_packed_depth_stencil GL_NV_texture_rectangle GL_ARB_depth_texture GL_ARB_occlusion_query GL_ARB_shadow GL_ARB_texture_env_combine GL_ARB_texture_env_crossbar GL_ARB_texture_env_dot3 GL_ARB_texture_mirrored_repeat GL_ARB_window_pos GL_EXT_stencil_two_side GL_EXT_texture_cube_map GL_NV_depth_clamp GL_APPLE_packed_pixels GL_APPLE_vertex_array_object GL_ARB_draw_buffers GL_ARB_fragment_program GL_ARB_fragment_shader GL_ARB_shader_objects GL_ARB_vertex_program GL_ARB_vertex_shader GL_ATI_draw_buffers GL_ATI_texture_env_combine3 GL_ATI_texture_float GL_EXT_shadow_funcs GL_EXT_stencil_wrap GL_MESA_pack_invert GL_NV_primitive_restart GL_ARB_depth_clamp GL_ARB_fragment_program_shadow GL_ARB_half_float_pixel GL_ARB_occlusion_query2 GL_ARB_point_sprite GL_ARB_shading_language_100 GL_ARB_sync GL_ARB_texture_non_power_of_two GL_ARB_vertex_buffer_object GL_ATI_blend_equation_separate GL_EXT_blend_equation_separate GL_OES_read_format GL_ARB_color_buffer_float GL_ARB_pixel_buffer_object GL_ARB_texture_compression_rgtc GL_ARB_texture_float GL_ARB_texture_rectangle GL_EXT_packed_float GL_EXT_pixel_buffer_object GL_EXT_texture_compression_dxt1 GL_EXT_texture_compression_rgtc GL_EXT_texture_rectangle GL_EXT_texture_sRGB GL_EXT_texture_shared_exponent GL_ARB_framebuffer_object GL_EXT_framebuffer_blit GL_EXT_framebuffer_multisample GL_EXT_packed_depth_stencil GL_APPLE_object_purgeable GL_ARB_vertex_array_object GL_ATI_separate_stencil GL_EXT_draw_buffers2 GL_EXT_draw_instanced GL_EXT_gpu_program_parameters GL_EXT_texture_array GL_EXT_texture_integer GL_EXT_texture_sRGB_decode GL_EXT_timer_query GL_OES_EGL_image GL_ARB_copy_buffer GL_ARB_depth_buffer_float GL_ARB_draw_instanced GL_ARB_half_float_vertex GL_ARB_instanced_arrays GL_ARB_map_buffer_range GL_ARB_texture_rg GL_ARB_texture_swizzle GL_ARB_vertex_array_bgra GL_EXT_texture_swizzle GL_EXT_vertex_array_bgra GL_NV_conditional_render GL_AMD_conservative_depth GL_AMD_draw_buffers_blend GL_AMD_seamless_cubemap_per_texture GL_ARB_ES2_compatibility GL_ARB_blend_func_extended GL_ARB_debug_output GL_ARB_draw_buffers_blend GL_ARB_draw_elements_base_vertex GL_ARB_explicit_attrib_location GL_ARB_fragment_coord_conventions GL_ARB_provoking_vertex GL_ARB_sample_shading GL_ARB_sampler_objects GL_ARB_seamless_cube_map GL_ARB_shader_texture_lod GL_ARB_texture_cube_map_array GL_ARB_texture_gather GL_ARB_texture_multisample GL_ARB_texture_query_lod GL_ARB_texture_rgb10_a2ui GL_ARB_uniform_buffer_object GL_ARB_vertex_type_2_10_10_10_rev GL_EXT_provoking_vertex GL_EXT_texture_snorm GL_MESA_texture_signed_rgba GL_ARB_get_program_binary GL_ARB_robustness GL_ARB_separate_shader_objects GL_ARB_shader_bit_encoding GL_ARB_texture_compression_bptc GL_ARB_timer_query GL_ARB_transform_feedback2 GL_ARB_transform_feedback3 GL_ANGLE_texture_compression_dxt3 GL_ANGLE_texture_compression_dxt5 GL_ARB_compressed_texture_pixel_storage GL_ARB_conservative_depth GL_ARB_internalformat_query GL_ARB_map_buffer_alignment GL_ARB_shader_atomic_counters GL_ARB_shading_language_420pack GL_ARB_shading_language_packing GL_ARB_texture_storage GL_ARB_transform_feedback_instanced GL_EXT_framebuffer_multisample_blit_scaled GL_EXT_transform_feedback GL_AMD_shader_trinary_minmax GL_ARB_ES3_compatibility GL_ARB_clear_buffer_object GL_ARB_copy_image GL_ARB_explicit_uniform_location GL_ARB_invalidate_subdata GL_ARB_stencil_texturing GL_ARB_texture_query_levels GL_ARB_texture_storage_multisample GL_ARB_texture_view GL_ARB_vertex_attrib_binding GL_KHR_debug GL_ARB_buffer_storage GL_ARB_clear_texture GL_ARB_multi_bind GL_ARB_seamless_cubemap_per_texture GL_ARB_texture_mirror_clamp_to_edge GL_ARB_vertex_type_10f_11f_11f_rev GL_EXT_shader_integer_mix GL_ARB_conditional_render_inverted GL_ARB_derivative_control GL_EXT_polygon_offset_clamp GL_KHR_context_flush_control 
22:23:57: Supported GLX extensions: GLX_ARB_create_context GLX_ARB_create_context_profile GLX_ARB_create_context_robustness GLX_ARB_fbconfig_float GLX_ARB_framebuffer_sRGB GLX_ARB_get_proc_address GLX_ARB_multisample GLX_EXT_import_context GLX_EXT_visual_info GLX_EXT_visual_rating GLX_EXT_framebuffer_sRGB GLX_EXT_create_context_es2_profile GLX_MESA_copy_sub_buffer GLX_MESA_multithread_makecurrent GLX_MESA_query_renderer GLX_MESA_swap_control GLX_OML_swap_method GLX_OML_sync_control GLX_SGI_make_current_read GLX_SGI_swap_control GLX_SGI_video_sync GLX_SGIS_multisample GLX_SGIX_fbconfig GLX_SGIX_pbuffer GLX_SGIX_visual_select_group GLX_EXT_texture_from_pixmap GLX_INTEL_swap_event 
22:23:57: ***************************
22:23:57: *** GL Renderer Started ***
22:23:57: ***************************
22:23:57: Registering ResourceManager for type GpuProgram
22:23:57: GLSL support detected
22:23:57: GL: Using GL_EXT_framebuffer_object for rendering to textures (best)
22:23:57: FBO PF_UNKNOWN depth/stencil support: D0S1 D0S4 D0S8 D0S16 D16S0 D16S1 D16S4 D16S8 D16S16 D24S0 D24S1 D24S4 D24S8 D24S16 D32S0 D32S1 D32S4 D32S8 D32S16 Packed-D24S8 
22:23:57: FBO PF_A8 depth/stencil support: D0S0 D0S1 D0S4 D0S8 D0S16 D16S0 D16S1 D16S4 D16S8 D16S16 D24S0 D24S1 D24S4 D24S8 D24S16 D32S0 D32S1 D32S4 D32S8 D32S16 Packed-D24S8 
22:23:57: FBO PF_R5G6B5 depth/stencil support: D0S0 D0S1 D0S4 D0S8 D0S16 D16S0 D16S1 D16S4 D16S8 D16S16 D24S0 D24S1 D24S4 D24S8 D24S16 D32S0 D32S1 D32S4 D32S8 D32S16 Packed-D24S8 
22:23:57: FBO PF_B5G6R5 depth/stencil support: D0S0 D0S1 D0S4 D0S8 D0S16 D16S0 D16S1 D16S4 D16S8 D16S16 D24S0 D24S1 D24S4 D24S8 D24S16 D32S0 D32S1 D32S4 D32S8 D32S16 Packed-D24S8 
22:23:57: FBO PF_A4R4G4B4 depth/stencil support: D0S0 D0S1 D0S4 D0S8 D0S16 D16S0 D16S1 D16S4 D16S8 D16S16 D24S0 D24S1 D24S4 D24S8 D24S16 D32S0 D32S1 D32S4 D32S8 D32S16 Packed-D24S8 
22:23:57: FBO PF_A1R5G5B5 depth/stencil support: D0S0 D0S1 D0S4 D0S8 D0S16 D16S0 D16S1 D16S4 D16S8 D16S16 D24S0 D24S1 D24S4 D24S8 D24S16 D32S0 D32S1 D32S4 D32S8 D32S16 Packed-D24S8 
22:23:57: FBO PF_R8G8B8 depth/stencil support: D0S0 D0S1 D0S4 D0S8 D0S16 D16S0 D16S1 D16S4 D16S8 D16S16 D24S0 D24S1 D24S4 D24S8 D24S16 D32S0 D32S1 D32S4 D32S8 D32S16 Packed-D24S8 
22:23:57: FBO PF_B8G8R8 depth/stencil support: D0S0 D0S1 D0S4 D0S8 D0S16 D16S0 D16S1 D16S4 D16S8 D16S16 D24S0 D24S1 D24S4 D24S8 D24S16 D32S0 D32S1 D32S4 D32S8 D32S16 Packed-D24S8 
22:23:57: FBO PF_A8R8G8B8 depth/stencil support: D0S0 D0S1 D0S4 D0S8 D0S16 D16S0 D16S1 D16S4 D16S8 D16S16 D24S0 D24S1 D24S4 D24S8 D24S16 D32S0 D32S1 D32S4 D32S8 D32S16 Packed-D24S8 
22:23:57: FBO PF_B8G8R8A8 depth/stencil support: D0S0 D0S1 D0S4 D0S8 D0S16 D16S0 D16S1 D16S4 D16S8 D16S16 D24S0 D24S1 D24S4 D24S8 D24S16 D32S0 D32S1 D32S4 D32S8 D32S16 Packed-D24S8 
22:23:57: FBO PF_A2R10G10B10 depth/stencil support: D0S0 D0S1 D0S4 D0S8 D0S16 D16S0 D16S1 D16S4 D16S8 D16S16 D24S0 D24S1 D24S4 D24S8 D24S16 D32S0 D32S1 D32S4 D32S8 D32S16 Packed-D24S8 
22:23:57: FBO PF_A2B10G10R10 depth/stencil support: D0S0 D0S1 D0S4 D0S8 D0S16 D16S0 D16S1 D16S4 D16S8 D16S16 D24S0 D24S1 D24S4 D24S8 D24S16 D32S0 D32S1 D32S4 D32S8 D32S16 Packed-D24S8 
22:23:57: FBO PF_FLOAT16_RGBA depth/stencil support: D0S0 D0S1 D0S4 D0S8 D0S16 D16S0 D16S1 D16S4 D16S8 D16S16 D24S0 D24S1 D24S4 D24S8 D24S16 D32S0 D32S1 D32S4 D32S8 D32S16 Packed-D24S8 
22:23:57: FBO PF_FLOAT32_RGBA depth/stencil support: D0S0 D0S1 D0S4 D0S8 D0S16 D16S0 D16S1 D16S4 D16S8 D16S16 D24S0 D24S1 D24S4 D24S8 D24S16 D32S0 D32S1 D32S4 D32S8 D32S16 Packed-D24S8 
22:23:57: FBO PF_X8R8G8B8 depth/stencil support: D0S0 D0S1 D0S4 D0S8 D0S16 D16S0 D16S1 D16S4 D16S8 D16S16 D24S0 D24S1 D24S4 D24S8 D24S16 D32S0 D32S1 D32S4 D32S8 D32S16 Packed-D24S8 
22:23:57: FBO PF_X8B8G8R8 depth/stencil support: D0S0 D0S1 D0S4 D0S8 D0S16 D16S0 D16S1 D16S4 D16S8 D16S16 D24S0 D24S1 D24S4 D24S8 D24S16 D32S0 D32S1 D32S4 D32S8 D32S16 Packed-D24S8 
22:23:57: FBO PF_SHORT_RGBA depth/stencil support: D0S0 D0S1 D0S4 D0S8 D0S16 D16S0 D16S1 D16S4 D16S8 D16S16 D24S0 D24S1 D24S4 D24S8 D24S16 D32S0 D32S1 D32S4 D32S8 D32S16 Packed-D24S8 
22:23:57: FBO PF_R3G3B2 depth/stencil support: D0S0 D0S1 D0S4 D0S8 D0S16 D16S0 D16S1 D16S4 D16S8 D16S16 D24S0 D24S1 D24S4 D24S8 D24S16 D32S0 D32S1 D32S4 D32S8 D32S16 Packed-D24S8 
22:23:57: FBO PF_FLOAT16_R depth/stencil support: D0S0 D0S1 D0S4 D0S8 D0S16 D16S0 D16S1 D16S4 D16S8 D16S16 D24S0 D24S1 D24S4 D24S8 D24S16 D32S0 D32S1 D32S4 D32S8 D32S16 Packed-D24S8 
22:23:57: FBO PF_FLOAT32_R depth/stencil support: D0S0 D0S1 D0S4 D0S8 D0S16 D16S0 D16S1 D16S4 D16S8 D16S16 D24S0 D24S1 D24S4 D24S8 D24S16 D32S0 D32S1 D32S4 D32S8 D32S16 Packed-D24S8 
22:23:57: [GL] : Valid FBO targets PF_UNKNOWN PF_A8 PF_R5G6B5 PF_B5G6R5 PF_A4R4G4B4 PF_A1R5G5B5 PF_R8G8B8 PF_B8G8R8 PF_A8R8G8B8 PF_B8G8R8A8 PF_A2R10G10B10 PF_A2B10G10R10 PF_FLOAT16_RGBA PF_FLOAT32_RGBA PF_X8R8G8B8 PF_X8B8G8R8 PF_SHORT_RGBA PF_R3G3B2 PF_FLOAT16_R PF_FLOAT32_R 
22:23:57: RenderSystem capabilities
22:23:57: -------------------------
22:23:57: RenderSystem Name: OpenGL Rendering Subsystem
22:23:57: GPU Vendor: intel
22:23:57: Device Name: Mesa DRI Intel(R) HD Graphics 5500 (Broadwell GT2) 
22:23:57: Driver Version: 3.0.0.0
22:23:57:  * Fixed function pipeline: yes
22:23:57:  * Hardware generation of mipmaps: no
22:23:57:  * Texture blending: yes
22:23:57:  * Anisotropic texture filtering: yes
22:23:57:  * Dot product texture operation: yes
22:23:57:  * Cube mapping: yes
22:23:57:  * Hardware stencil buffer: yes
22:23:57:    - Stencil depth: 8
22:23:57:    - Two sided stencil support: yes
22:23:57:    - Wrap stencil values: yes
22:23:57:  * Hardware vertex / index buffers: yes
22:23:57:  * 32-bit index buffers: yes
22:23:57:  * Vertex programs: yes
22:23:57:  * Number of floating-point constants for vertex programs: 4096
22:23:57:  * Number of integer constants for vertex programs: 0
22:23:57:  * Number of boolean constants for vertex programs: 0
22:23:57:  * Fragment programs: yes
22:23:57:  * Number of floating-point constants for fragment programs: 4096
22:23:57:  * Number of integer constants for fragment programs: 0
22:23:57:  * Number of boolean constants for fragment programs: 0
22:23:57:  * Geometry programs: no
22:23:57:  * Number of floating-point constants for geometry programs: 2001
22:23:57:  * Number of integer constants for geometry programs: 33319
22:23:57:  * Number of boolean constants for geometry programs: 10485
22:23:57:  * Tesselation Hull programs: no
22:23:57:  * Number of floating-point constants for tesselation hull programs: 27947
22:23:57:  * Number of integer constants for tesselation hull programs: 18509
22:23:57:  * Number of boolean constants for tesselation hull programs: 11186
22:23:57:  * Tesselation Domain programs: no
22:23:57:  * Number of floating-point constants for tesselation domain programs: 50033
22:23:57:  * Number of integer constants for tesselation domain programs: 13734
22:23:57:  * Number of boolean constants for tesselation domain programs: 25614
22:23:57:  * Compute programs: no
22:23:57:  * Number of floating-point constants for compute programs: 44803
22:23:57:  * Number of integer constants for compute programs: 23822
22:23:57:  * Number of boolean constants for compute programs: 51317
22:23:57:  * Supported Shader Profiles: arbfp1 arbvp1 glsl glsl100 glsl110 glsl120
22:23:57:  * Texture Compression: yes
22:23:57:    - DXT: yes
22:23:57:    - VTC: no
22:23:57:    - PVRTC: no
22:23:57:    - ATC: no
22:23:57:    - ETC1: no
22:23:57:    - ETC2: no
22:23:57:    - BC4/BC5: no
22:23:57:    - BC6H/BC7: no
22:23:57:  * Scissor Rectangle: yes
22:23:57:  * Hardware Occlusion Query: yes
22:23:57:  * User clip planes: yes
22:23:57:  * VET_UBYTE4 vertex element type: yes
22:23:57:  * Infinite far plane projection: yes
22:23:57:  * Hardware render-to-texture: yes
22:23:57:  * Floating point textures: yes
22:23:57:  * Non-power-of-two textures: yes
22:23:57:  * 1d textures: yes
22:23:57:  * Volume textures: yes
22:23:57:  * Multiple Render Targets: 8
22:23:57:    - With different bit depths: yes
22:23:57:  * Point Sprites: yes
22:23:57:  * Extended point parameters: yes
22:23:57:  * Max Point Size: 255
22:23:57:  * Vertex texture fetch: yes
22:23:57:  * Number of world matrices: 0
22:23:57:  * Number of texture units: 16
22:23:57:  * Stencil buffer depth: 8
22:23:57:  * Number of vertex blend matrices: 0
22:23:57:    - Max vertex textures: 32
22:23:57:    - Vertex textures shared: yes
22:23:57:  * Render to Vertex Buffer : no
22:23:57:  * Hardware Atomic Counters: no
22:23:57:  * GL 1.5 without VBO workaround: no
22:23:57:  * Frame Buffer objects: yes
22:23:57:  * Frame Buffer objects (ARB extension): no
22:23:57:  * Frame Buffer objects (ATI extension): no
22:23:57:  * PBuffer support: yes
22:23:57:  * GL 1.5 without HW-occlusion workaround: no
22:23:57:  * Vertex Array Objects: no
22:23:57:  * Separate shader objects: no
22:23:57: DefaultWorkQueue('Root') initialising on thread 7f3537104840.
22:23:57: DefaultWorkQueue('Root')::WorkerFunc - thread 7f3528dbc700 starting.
22:23:57: DefaultWorkQueue('Root')::WorkerFunc - thread 7f35285bb700 starting.
22:23:57: DefaultWorkQueue('Root')::WorkerFunc - thread 7f351fdba700 starting.
22:23:57: Particle Renderer Type 'billboard' registered
22:23:57: SceneManagerFactory for type 'BspSceneManager' registered.
22:23:57: Registering ResourceManager for type BspLevel
22:23:57: SceneManagerFactory for type 'PCZSceneManager' registered.
22:23:57: MovableObjectFactory for type 'PCZLight' registered.
22:23:57: MovableObjectFactory for type 'Portal' registered.
22:23:57: MovableObjectFactory for type 'AntiPortal' registered.
22:23:57: PCZone Factory Type 'ZoneType_Octree' registered
22:23:57: SceneManagerFactory for type 'OctreeSceneManager' registered.
22:23:57: OverlayElementFactory for type Panel registered.
22:23:57: OverlayElementFactory for type BorderPanel registered.
22:23:57: OverlayElementFactory for type TextArea registered.
22:23:57: Registering ResourceManager for type Font
22:23:57: Parsing scripts for resource group Autodetect
22:23:57: Finished parsing scripts for resource group Autodetect
22:23:57: Creating resources for group Autodetect
22:23:57: All done
22:23:57: Parsing scripts for resource group Essential
22:23:57: Parsing script SdkTrays.material
22:23:57: Parsing script OgreProfiler.material
22:23:57: Parsing script SdkTrays.fontdef
22:23:57: Parsing script SdkTrays.overlay
22:23:57: Texture: sdk_cursor.png: Loading 1 faces(PF_A8R8G8B8,32x32x1) with 5 generated mipmaps from Image. Internal format is PF_A8R8G8B8,32x32x1.
22:23:57: Texture: sdk_tray.png: Loading 1 faces(PF_A8R8G8B8,64x64x1) with 5 generated mipmaps from Image. Internal format is PF_A8R8G8B8,64x64x1.
22:23:57: Texture: sdk_button_up.png: Loading 1 faces(PF_A8R8G8B8,128x32x1) with 5 generated mipmaps from Image. Internal format is PF_A8R8G8B8,128x32x1.
22:23:57: Texture: sdk_text_box.png: Loading 1 faces(PF_A8R8G8B8,32x32x1) with 5 generated mipmaps from Image. Internal format is PF_A8R8G8B8,32x32x1.
22:23:57: Texture: sdk_mini_tray.png: Loading 1 faces(PF_A8R8G8B8,32x32x1) with 5 generated mipmaps from Image. Internal format is PF_A8R8G8B8,32x32x1.
22:23:57: Texture: sdk_track.png: Loading 1 faces(PF_A8R8G8B8,16x32x1) with 5 generated mipmaps from Image. Internal format is PF_A8R8G8B8,16x32x1.
22:23:57: Texture: sdk_handle.png: Loading 1 faces(PF_A8R8G8B8,16x16x1) with 4 generated mipmaps from Image. Internal format is PF_A8R8G8B8,16x16x1.
22:23:57: Texture: sdk_mini_text_box.png: Loading 1 faces(PF_A8R8G8B8,32x32x1) with 5 generated mipmaps from Image. Internal format is PF_A8R8G8B8,32x32x1.
22:23:57: Texture: sdk_label.png: Loading 1 faces(PF_A8R8G8B8,32x32x1) with 5 generated mipmaps from Image. Internal format is PF_A8R8G8B8,32x32x1.
22:23:57: Texture: sdk_separator.png: Loading 1 faces(PF_A8R8G8B8,64x16x1) with 5 generated mipmaps from Image. Internal format is PF_A8R8G8B8,64x16x1.
22:23:57: Texture: sdk_logo.png: Loading 1 faces(PF_A8R8G8B8,128x64x1) with 5 generated mipmaps from Image. Internal format is PF_A8R8G8B8,128x64x1.
22:23:57: Texture: sdk_shade.png: Loading 1 faces(PF_A8R8G8B8,64x48x1) with 5 generated mipmaps from Image. Internal format is PF_A8R8G8B8,64x48x1.
22:23:57: Texture: sdk_frame.png: Loading 1 faces(PF_A8R8G8B8,32x32x1) with 5 generated mipmaps from Image. Internal format is PF_A8R8G8B8,32x32x1.
22:23:57: DefaultWorkQueue('Root')::WorkerFunc - thread 7f3527dba700 starting.
22:23:57: Texture: sdk_mini_text_box_over.png: Loading 1 faces(PF_A8R8G8B8,32x32x1) with 5 generated mipmaps from Image. Internal format is PF_A8R8G8B8,32x32x1.
22:23:57: Texture: sdk_pulse.png: Loading 1 faces(PF_R8G8B8,8x1x1) with 3 generated mipmaps from Image. Internal format is PF_X8R8G8B8,8x1x1.
22:23:57: Finished parsing scripts for resource group Essential
22:23:57: Creating resources for group Essential
22:23:57: All done
22:23:57: Parsing scripts for resource group Fonts
22:23:57: Finished parsing scripts for resource group Fonts
22:23:57: Creating resources for group Fonts
22:23:57: All done
22:23:57: Parsing scripts for resource group General
22:23:57: Parsing script MaterialWorm1.material
22:23:57: Parsing script MaterialGrass.material
22:23:57: Parsing script MaterialWorm3.material
22:23:57: Parsing script MaterialTerre.material
22:23:57: Parsing script MaterialWorm2.material
22:23:57: Finished parsing scripts for resource group General
22:23:57: Creating resources for group General
22:23:57: All done
22:23:57: Parsing scripts for resource group Imagesets
22:23:57: Finished parsing scripts for resource group Imagesets
22:23:57: Creating resources for group Imagesets
22:23:57: All done
22:23:57: Parsing scripts for resource group Internal
22:23:57: Finished parsing scripts for resource group Internal
22:23:57: Creating resources for group Internal
22:23:57: All done
22:23:57: Parsing scripts for resource group Layouts
22:23:57: Finished parsing scripts for resource group Layouts
22:23:57: Creating resources for group Layouts
22:23:57: All done
22:23:57: Parsing scripts for resource group LookNFeel
22:23:57: Finished parsing scripts for resource group LookNFeel
22:23:57: Creating resources for group LookNFeel
22:23:57: All done
22:23:57: Parsing scripts for resource group Popular
22:23:57: Parsing script Examples.program
22:23:57: Parsing script Instancing.program
22:23:57: Parsing script DualQuaternion.program
22:23:57: Parsing script StdQuad_vp.program
22:23:57: Parsing script ShadowCaster.program
22:23:57: Parsing script deferred_post.program
22:23:57: Parsing script GBuffer.program
22:23:57: Parsing script triplanarReference.program
22:23:57: Parsing script SharpenEdges.material
22:23:57: Parsing script HW_VTFInstancing.material
22:23:57: Parsing script OffsetMapping.material
22:23:57: Compiler error: object unsupported by render system in OffsetMapping.material(35): , Shader name: Examples/OffsetMappingPSAsm
22:23:57: Parsing script ASMSwizzle.material
22:23:57: Compiler error: object unsupported by render system in ASMSwizzle.material(1): , Shader name: Ogre/GPTest/Swizzle_GP_ASM
22:23:57: Parsing script Glass.material
22:23:57: Parsing script FluidSim.material
22:23:57: Parsing script RasterizationOrder.material
22:23:57: Parsing script hdr.material
22:23:57: Parsing script OldTV.material
22:23:57: Parsing script VarianceShadowmap.material
22:23:57: Parsing script DOF.material
22:23:57: Parsing script HW_VTF_LUTInstancing.material
22:23:57: Parsing script MRTtest.material
22:23:57: Parsing script Bloom2.material
22:23:57: Parsing script Posterize.material
22:23:57: Parsing script smoke.material
22:23:57: Parsing script DualQuaternion.material
22:23:57: Parsing script Swizzle.material
22:23:57: OGRE EXCEPTION(2:InvalidParametersException): Parameter called origColour does not exist.  in GpuProgramParameters::_findNamedConstantDefinition at /home/shark/rendu/ogre/OgreMain/src/OgreGpuProgramParams.cpp (line 1727)
22:23:57: Compiler error: invalid parameters in Swizzle.material(74): setting of constant failed
22:23:57: OGRE EXCEPTION(2:InvalidParametersException): Parameter called cloneColour does not exist.  in GpuProgramParameters::_findNamedConstantDefinition at /home/shark/rendu/ogre/OgreMain/src/OgreGpuProgramParams.cpp (line 1727)
22:23:57: Compiler error: invalid parameters in Swizzle.material(75): setting of constant failed
22:23:57: OGRE EXCEPTION(2:InvalidParametersException): Parameter called WorldViewProj does not exist.  in GpuProgramParameters::_findNamedConstantDefinition at /home/shark/rendu/ogre/OgreMain/src/OgreGpuProgramParams.cpp (line 1727)
22:23:57: Compiler error: invalid parameters in Swizzle.material(76): setting of constant failed
22:23:57: Parsing script MotionBlur.material
22:23:57: Parsing script Tesselation.material
22:23:57: Parsing script InstancingMisc.material
22:23:57: Parsing script instancing.material
22:23:57: Parsing script Embossed.material
22:23:57: Parsing script IsoSurf.material
22:23:57: Parsing script Ocean.material
22:23:57: Parsing script Dither.material
22:23:57: Parsing script Hair.material
22:23:57: Parsing script Penguin.material
22:23:57: Parsing script GLSLSwizzle.material
22:23:57: Parsing script Examples-Water.material
22:23:57: Parsing script CompositorDemo.material
22:23:57: Parsing script ShaderInstancing.material
22:23:57: Parsing script OldMovie.material
22:23:57: Parsing script HWInstancing.material
22:23:57: Parsing script Invert.material
22:23:57: Parsing script TerrainTessellation.material
22:23:57: Parsing script Examples-Advanced.material
22:23:57: Compiler error: object unsupported by render system in Examples-Advanced.material(728): , Shader name: Examples/FresnelRefractReflectPS
22:23:57: Compiler error: object unsupported by render system in Examples-Advanced.material(1027): , Shader name: Examples/TextureArrayPSasm
22:23:57: Parsing script ParticleGS.material
22:23:57: Parsing script HeatVision.material
22:23:57: Parsing script shadows.material
22:23:57: Parsing script CGSwizzle.material
22:23:57: Parsing script AdaptivePNTrianglesTessellation.material
22:23:57: Parsing script Hurt.material
22:23:57: Parsing script RZR-002.material
22:23:57: Parsing script ShaderSystem.material
22:23:57: Parsing script RadialBlur.material
22:23:57: Parsing script pssm.material
22:23:57: Parsing script Bloom.material
22:23:57: Parsing script sibenik.material
22:23:57: Parsing script Example-Water.material
22:23:57: Parsing script Examples.material
22:23:57: Parsing script Tiling.material
22:23:57: Parsing script Island.material
22:23:57: Parsing script VTFInstancing.material
22:23:57: Parsing script Laplace.material
22:23:57: Parsing script NightVision.material
22:23:57: Parsing script Compute.material
22:23:57: Parsing script Tessellation.material
22:23:57: Compiler error: unknown error in Tessellation.material(20): token class, tessellation_hull_program, unrecognized.
22:23:57: Compiler error: unknown error in Tessellation.material(32): token class, tessellation_hull_program, unrecognized.
22:23:57: Compiler error: unknown error in Tessellation.material(43): token class, tessellation_hull_program, unrecognized.
22:23:57: Compiler error: unknown error in Tessellation.material(49): token class, tessellation_domain_program, unrecognized.
22:23:57: Compiler error: unknown error in Tessellation.material(61): token class, tessellation_domain_program, unrecognized.
22:23:57: Compiler error: unknown error in Tessellation.material(72): token class, tessellation_domain_program, unrecognized.
22:23:57: Compiler error: unknown error in Tessellation.material(111): token class, tessellation_hull_program_ref, unrecognized.
22:23:57: Compiler error: unknown error in Tessellation.material(116): token class, tessellation_domain_program_ref, unrecognized.
22:23:57: Compiler error: unknown error in Tessellation.material(111): token "tessellation_hull_program_ref" is not recognized
22:23:57: Compiler error: unknown error in Tessellation.material(116): token "tessellation_domain_program_ref" is not recognized
22:23:57: Parsing script Halftone.material
22:23:57: Parsing script facial.material
22:23:57: Parsing script DepthShadowmap.material
22:23:57: Parsing script AtomicCounters.material
22:23:57: Compiler error: number expected in AtomicCounters.material(3): true invalid - extra parameters to shared_param_named must be numbers
22:23:57: Compiler error: number expected in AtomicCounters.material(14): false invalid - extra parameters to shared_param_named must be numbers
22:23:57: Parsing script Examples-DynTex.material
22:23:57: Parsing script Ogre.material
22:23:57: Parsing script BlackAndWhite.material
22:23:57: Parsing script ASCII.material
22:23:57: Parsing script ssao.material
22:23:57: Parsing script deferred_post.material
22:23:57: Parsing script ShadowCaster.material
22:23:57: Parsing script deferred_post_minilight.material
22:23:57: Parsing script deferreddemo.material
22:23:57: Parsing script ROOM.material
22:23:57: Parsing script TriplanarTexturing.material
22:23:57: Compiler error: unknown error in TriplanarTexturing.material(9): token "rtshader_system" is not recognized
22:23:57: Parsing script RTShaderSystem.material
22:23:57: Compiler error: unknown error in RTShaderSystem.material(23): token "rtshader_system" is not recognized
22:23:57: Compiler error: unknown error in RTShaderSystem.material(52): token "rtshader_system" is not recognized
22:23:57: Compiler error: unknown error in RTShaderSystem.material(81): token "rtshader_system" is not recognized
22:23:57: Compiler error: unknown error in RTShaderSystem.material(110): token "rtshader_system" is not recognized
22:23:57: Compiler error: unknown error in RTShaderSystem.material(146): token "rtshader_system" is not recognized
22:23:57: Compiler error: unknown error in RTShaderSystem.material(81): token "rtshader_system" is not recognized
22:23:57: Compiler error: unknown error in RTShaderSystem.material(162): token "rtshader_system" is not recognized
22:23:57: Compiler error: unknown error in RTShaderSystem.material(81): token "rtshader_system" is not recognized
22:23:57: Compiler error: unknown error in RTShaderSystem.material(110): token "rtshader_system" is not recognized
22:23:57: Compiler error: unknown error in RTShaderSystem.material(211): token "rtshader_system" is not recognized
22:23:57: Parsing script DualQuaternionSkinning_Shadow.material
22:23:57: OGRE EXCEPTION(6:FileNotFoundException): Cannot locate resource DualQuaternionSkinning_ShadowOneWeight.glsl in resource group Popular or any other group. in ResourceGroupManager::openResource at /home/shark/rendu/ogre/OgreMain/src/OgreResourceGroupManager.cpp (line 756)
22:23:57: High-level program Ogre/RTShader/shadow_caster_dq_skinning_1weight_vs_glsl encountered an error during loading and is thus not supported.
OGRE EXCEPTION(6:FileNotFoundException): Cannot locate resource DualQuaternionSkinning_ShadowOneWeight.glsl in resource group Popular or any other group. in ResourceGroupManager::openResource at /home/shark/rendu/ogre/OgreMain/src/OgreResourceGroupManager.cpp (line 756)
22:23:57: OGRE EXCEPTION(2:InvalidParametersException): Named constants have not been initialised, perhaps a compile error. in GpuProgramParameters::_findNamedConstantDefinition at /home/shark/rendu/ogre/OgreMain/src/OgreGpuProgramParams.cpp (line 1709)
22:23:57: Compiler error: invalid parameters in DualQuaternionSkinning_Shadow.material(121): setting of constant failed
22:23:57: OGRE EXCEPTION(2:InvalidParametersException): Named constants have not been initialised, perhaps a compile error. in GpuProgramParameters::_findNamedConstantDefinition at /home/shark/rendu/ogre/OgreMain/src/OgreGpuProgramParams.cpp (line 1709)
22:23:57: Compiler error: invalid parameters in DualQuaternionSkinning_Shadow.material(122): setting of constant failed
22:23:57: OGRE EXCEPTION(2:InvalidParametersException): Named constants have not been initialised, perhaps a compile error. in GpuProgramParameters::_findNamedConstantDefinition at /home/shark/rendu/ogre/OgreMain/src/OgreGpuProgramParams.cpp (line 1709)
22:23:57: Compiler error: invalid parameters in DualQuaternionSkinning_Shadow.material(123): setting of constant failed
22:23:57: OGRE EXCEPTION(6:FileNotFoundException): Cannot locate resource DualQuaternionSkinning_ShadowTwoWeights.glsl in resource group Popular or any other group. in ResourceGroupManager::openResource at /home/shark/rendu/ogre/OgreMain/src/OgreResourceGroupManager.cpp (line 756)
22:23:57: High-level program Ogre/RTShader/shadow_caster_dq_skinning_2weight_vs_glsl encountered an error during loading and is thus not supported.
OGRE EXCEPTION(6:FileNotFoundException): Cannot locate resource DualQuaternionSkinning_ShadowTwoWeights.glsl in resource group Popular or any other group. in ResourceGroupManager::openResource at /home/shark/rendu/ogre/OgreMain/src/OgreResourceGroupManager.cpp (line 756)
22:23:57: OGRE EXCEPTION(2:InvalidParametersException): Named constants have not been initialised, perhaps a compile error. in GpuProgramParameters::_findNamedConstantDefinition at /home/shark/rendu/ogre/OgreMain/src/OgreGpuProgramParams.cpp (line 1709)
22:23:57: Compiler error: invalid parameters in DualQuaternionSkinning_Shadow.material(135): setting of constant failed
22:23:57: OGRE EXCEPTION(2:InvalidParametersException): Named constants have not been initialised, perhaps a compile error. in GpuProgramParameters::_findNamedConstantDefinition at /home/shark/rendu/ogre/OgreMain/src/OgreGpuProgramParams.cpp (line 1709)
22:23:57: Compiler error: invalid parameters in DualQuaternionSkinning_Shadow.material(136): setting of constant failed
22:23:57: OGRE EXCEPTION(2:InvalidParametersException): Named constants have not been initialised, perhaps a compile error. in GpuProgramParameters::_findNamedConstantDefinition at /home/shark/rendu/ogre/OgreMain/src/OgreGpuProgramParams.cpp (line 1709)
22:23:57: Compiler error: invalid parameters in DualQuaternionSkinning_Shadow.material(137): setting of constant failed
22:23:57: OGRE EXCEPTION(6:FileNotFoundException): Cannot locate resource DualQuaternionSkinning_ShadowThreeWeights.glsl in resource group Popular or any other group. in ResourceGroupManager::openResource at /home/shark/rendu/ogre/OgreMain/src/OgreResourceGroupManager.cpp (line 756)
22:23:57: High-level program Ogre/RTShader/shadow_caster_dq_skinning_3weight_vs_glsl encountered an error during loading and is thus not supported.
OGRE EXCEPTION(6:FileNotFoundException): Cannot locate resource DualQuaternionSkinning_ShadowThreeWeights.glsl in resource group Popular or any other group. in ResourceGroupManager::openResource at /home/shark/rendu/ogre/OgreMain/src/OgreResourceGroupManager.cpp (line 756)
22:23:57: OGRE EXCEPTION(2:InvalidParametersException): Named constants have not been initialised, perhaps a compile error. in GpuProgramParameters::_findNamedConstantDefinition at /home/shark/rendu/ogre/OgreMain/src/OgreGpuProgramParams.cpp (line 1709)
22:23:57: Compiler error: invalid parameters in DualQuaternionSkinning_Shadow.material(149): setting of constant failed
22:23:57: OGRE EXCEPTION(2:InvalidParametersException): Named constants have not been initialised, perhaps a compile error. in GpuProgramParameters::_findNamedConstantDefinition at /home/shark/rendu/ogre/OgreMain/src/OgreGpuProgramParams.cpp (line 1709)
22:23:57: Compiler error: invalid parameters in DualQuaternionSkinning_Shadow.material(150): setting of constant failed
22:23:57: OGRE EXCEPTION(2:InvalidParametersException): Named constants have not been initialised, perhaps a compile error. in GpuProgramParameters::_findNamedConstantDefinition at /home/shark/rendu/ogre/OgreMain/src/OgreGpuProgramParams.cpp (line 1709)
22:23:57: Compiler error: invalid parameters in DualQuaternionSkinning_Shadow.material(151): setting of constant failed
22:23:57: OGRE EXCEPTION(6:FileNotFoundException): Cannot locate resource DualQuaternionSkinning_ShadowFourWeights.glsl in resource group Popular or any other group. in ResourceGroupManager::openResource at /home/shark/rendu/ogre/OgreMain/src/OgreResourceGroupManager.cpp (line 756)
22:23:57: High-level program Ogre/RTShader/shadow_caster_dq_skinning_4weight_vs_glsl encountered an error during loading and is thus not supported.
OGRE EXCEPTION(6:FileNotFoundException): Cannot locate resource DualQuaternionSkinning_ShadowFourWeights.glsl in resource group Popular or any other group. in ResourceGroupManager::openResource at /home/shark/rendu/ogre/OgreMain/src/OgreResourceGroupManager.cpp (line 756)
22:23:57: OGRE EXCEPTION(2:InvalidParametersException): Named constants have not been initialised, perhaps a compile error. in GpuProgramParameters::_findNamedConstantDefinition at /home/shark/rendu/ogre/OgreMain/src/OgreGpuProgramParams.cpp (line 1709)
22:23:57: Compiler error: invalid parameters in DualQuaternionSkinning_Shadow.material(163): setting of constant failed
22:23:57: OGRE EXCEPTION(2:InvalidParametersException): Named constants have not been initialised, perhaps a compile error. in GpuProgramParameters::_findNamedConstantDefinition at /home/shark/rendu/ogre/OgreMain/src/OgreGpuProgramParams.cpp (line 1709)
22:23:57: Compiler error: invalid parameters in DualQuaternionSkinning_Shadow.material(164): setting of constant failed
22:23:57: OGRE EXCEPTION(2:InvalidParametersException): Named constants have not been initialised, perhaps a compile error. in GpuProgramParameters::_findNamedConstantDefinition at /home/shark/rendu/ogre/OgreMain/src/OgreGpuProgramParams.cpp (line 1709)
22:23:57: Compiler error: invalid parameters in DualQuaternionSkinning_Shadow.material(165): setting of constant failed
22:23:57: OGRE EXCEPTION(6:FileNotFoundException): Cannot locate resource DualQuaternionSkinning_ShadowCasterTwoPhaseTwoWeights.glsl in resource group Popular or any other group. in ResourceGroupManager::openResource at /home/shark/rendu/ogre/OgreMain/src/OgreResourceGroupManager.cpp (line 756)
22:23:57: High-level program Ogre/RTShader/shadow_caster_dq_skinning_2weight_twophase_vs_glsl encountered an error during loading and is thus not supported.
OGRE EXCEPTION(6:FileNotFoundException): Cannot locate resource DualQuaternionSkinning_ShadowCasterTwoPhaseTwoWeights.glsl in resource group Popular or any other group. in ResourceGroupManager::openResource at /home/shark/rendu/ogre/OgreMain/src/OgreResourceGroupManager.cpp (line 756)
22:23:57: OGRE EXCEPTION(2:InvalidParametersException): Named constants have not been initialised, perhaps a compile error. in GpuProgramParameters::_findNamedConstantDefinition at /home/shark/rendu/ogre/OgreMain/src/OgreGpuProgramParams.cpp (line 1709)
22:23:57: Compiler error: invalid parameters in DualQuaternionSkinning_Shadow.material(374): setting of constant failed
22:23:57: OGRE EXCEPTION(2:InvalidParametersException): Named constants have not been initialised, perhaps a compile error. in GpuProgramParameters::_findNamedConstantDefinition at /home/shark/rendu/ogre/OgreMain/src/OgreGpuProgramParams.cpp (line 1709)
22:23:57: Compiler error: invalid parameters in DualQuaternionSkinning_Shadow.material(375): setting of constant failed
22:23:57: OGRE EXCEPTION(2:InvalidParametersException): Named constants have not been initialised, perhaps a compile error. in GpuProgramParameters::_findNamedConstantDefinition at /home/shark/rendu/ogre/OgreMain/src/OgreGpuProgramParams.cpp (line 1709)
22:23:57: Compiler error: invalid parameters in DualQuaternionSkinning_Shadow.material(376): setting of constant failed
22:23:57: OGRE EXCEPTION(2:InvalidParametersException): Named constants have not been initialised, perhaps a compile error. in GpuProgramParameters::_findNamedConstantDefinition at /home/shark/rendu/ogre/OgreMain/src/OgreGpuProgramParams.cpp (line 1709)
22:23:57: Compiler error: invalid parameters in DualQuaternionSkinning_Shadow.material(377): setting of constant failed
22:23:57: OGRE EXCEPTION(6:FileNotFoundException): Cannot locate resource DualQuaternionSkinning_ShadowPassThrough_ps.glsl in resource group Popular or any other group. in ResourceGroupManager::openResource at /home/shark/rendu/ogre/OgreMain/src/OgreResourceGroupManager.cpp (line 756)
22:23:57: High-level program Ogre/RTShader/shadow_caster_dq_ps_glsl encountered an error during loading and is thus not supported.
OGRE EXCEPTION(6:FileNotFoundException): Cannot locate resource DualQuaternionSkinning_ShadowPassThrough_ps.glsl in resource group Popular or any other group. in ResourceGroupManager::openResource at /home/shark/rendu/ogre/OgreMain/src/OgreResourceGroupManager.cpp (line 756)
22:23:57: Parsing script HardwareSkinningShadow.material
22:23:57: OGRE EXCEPTION(6:FileNotFoundException): Cannot locate resource HardwareSkinningShadow_TwoWeights.glsl in resource group Popular or any other group. in ResourceGroupManager::openResource at /home/shark/rendu/ogre/OgreMain/src/OgreResourceGroupManager.cpp (line 756)
22:23:57: High-level program Ogre/RTShader/shadow_caster_skinning_2weight_vs_glsl encountered an error during loading and is thus not supported.
OGRE EXCEPTION(6:FileNotFoundException): Cannot locate resource HardwareSkinningShadow_TwoWeights.glsl in resource group Popular or any other group. in ResourceGroupManager::openResource at /home/shark/rendu/ogre/OgreMain/src/OgreResourceGroupManager.cpp (line 756)
22:23:57: OGRE EXCEPTION(2:InvalidParametersException): Named constants have not been initialised, perhaps a compile error. in GpuProgramParameters::_findNamedConstantDefinition at /home/shark/rendu/ogre/OgreMain/src/OgreGpuProgramParams.cpp (line 1709)
22:23:57: Compiler error: invalid parameters in HardwareSkinningShadow.material(169): setting of constant failed
22:23:57: OGRE EXCEPTION(2:InvalidParametersException): Named constants have not been initialised, perhaps a compile error. in GpuProgramParameters::_findNamedConstantDefinition at /home/shark/rendu/ogre/OgreMain/src/OgreGpuProgramParams.cpp (line 1709)
22:23:57: Compiler error: invalid parameters in HardwareSkinningShadow.material(170): setting of constant failed
22:23:57: OGRE EXCEPTION(2:InvalidParametersException): Named constants have not been initialised, perhaps a compile error. in GpuProgramParameters::_findNamedConstantDefinition at /home/shark/rendu/ogre/OgreMain/src/OgreGpuProgramParams.cpp (line 1709)
22:23:57: Compiler error: invalid parameters in HardwareSkinningShadow.material(171): setting of constant failed
22:23:57: OGRE EXCEPTION(6:FileNotFoundException): Cannot locate resource HardwareSkinningShadow_Fragment.glsl in resource group Popular or any other group. in ResourceGroupManager::openResource at /home/shark/rendu/ogre/OgreMain/src/OgreResourceGroupManager.cpp (line 756)
22:23:57: High-level program Ogre/RTShader/shadow_caster_ps_glsl encountered an error during loading and is thus not supported.
OGRE EXCEPTION(6:FileNotFoundException): Cannot locate resource HardwareSkinningShadow_Fragment.glsl in resource group Popular or any other group. in ResourceGroupManager::openResource at /home/shark/rendu/ogre/OgreMain/src/OgreResourceGroupManager.cpp (line 756)
22:23:57: Parsing script Crytek.material
22:23:57: Parsing script ShowNormals.material
22:23:57: Parsing script GBuffer.material
22:23:57: Parsing script ShowDepth.material
22:23:57: Parsing script ShowViewPos.material
22:23:57: Parsing script CreaseShading.material
22:23:57: Parsing script UnsharpMask.material
22:23:57: Parsing script SSAOPost.material
22:23:57: Parsing script Modulate.material
22:23:57: Parsing script HemisphereMC.material
22:23:57: Parsing script Volumetric.material
22:23:57: Parsing script HorizonBased.material
22:23:57: Parsing script triplanarReference.material
22:23:57: Parsing script RomanBath.material
22:23:57: Parsing script Sinbad.material
22:23:57: Parsing script emitted_emitter.particle
22:23:57: Parsing script smoke.particle
22:23:57: Parsing script Examples.particle
22:23:57: Parsing script Examples-Water.particle
22:23:57: Parsing script Examples.compositor
22:23:57: Parsing script ssao.compositor
22:23:57: Parsing script deferred.compositor
22:23:57: Parsing script SSAOPost.compositor
22:23:57: Parsing script SSAO.compositor
22:23:57: Finished parsing scripts for resource group Popular
22:23:57: Creating resources for group Popular
22:23:57: All done
22:23:57: Parsing scripts for resource group Schemes
22:23:57: Finished parsing scripts for resource group Schemes
22:23:57: Creating resources for group Schemes
22:23:57: All done
22:23:57: Parsing scripts for resource group Tests
22:23:57: Finished parsing scripts for resource group Tests
22:23:57: Creating resources for group Tests
22:23:57: All done
22:23:57: Texture: clouds.jpg: Loading 1 faces(PF_R8G8B8,256x256x1) with 5 generated mipmaps from Image. Internal format is PF_X8R8G8B8,256x256x1.
22:23:57: Mesh: Loading Cube.mesh.
22:23:57: Mesh: Loading MeshWorms.mesh.
22:23:57: Skeleton: Loading MeshWorms.skeleton
22:23:57: WARNING: the mesh 'MeshWorms.mesh' includes vertices with more than 4 bone assignments. The lowest weighted assignments beyond this limit have been removed, so your animation may look slightly different. To eliminate this, reduce the number of bone assignments per vertex on your mesh to 4.
22:23:57: *** Initializing OIS ***
22:23:57: Font SdkTrays/Caption using texture size 512x256
22:23:57: Info: Freetype returned null for character 160 in font SdkTrays/Caption
22:23:57: Texture: SdkTrays/CaptionTexture: Loading 1 faces(PF_BYTE_LA,512x256x1) with 0 generated mipmaps from Image. Internal format is PF_BYTE_LA,512x256x1.
22:25:24: DefaultWorkQueue('Root') shutting down on thread 7f3537104840.
22:25:24: DefaultWorkQueue('Root')::WorkerFunc - thread 7f3528dbc700 stopped.
22:25:24: DefaultWorkQueue('Root')::WorkerFunc - thread 7f35285bb700 stopped.
22:25:24: DefaultWorkQueue('Root')::WorkerFunc - thread 7f351fdba700 stopped.
22:25:24: DefaultWorkQueue('Root')::WorkerFunc - thread 7f3527dba700 stopped.
22:25:24: PCZone Factory Type 'ZoneType_Octree' unregistered
22:25:24: Unregistering ResourceManager for type BspLevel
22:25:24: *-*-* OGRE Shutdown
22:25:24: Unregistering ResourceManager for type Compositor
22:25:24: Unregistering ResourceManager for type Skeleton
22:25:24: Unregistering ResourceManager for type Mesh
22:25:24: Unregistering ResourceManager for type HighLevelGpuProgram
22:25:24: Uninstalling plugin: Octree Scene Manager
22:25:24: Plugin successfully uninstalled
22:25:24: Unloading library /usr/local/lib/OGRE/Plugin_OctreeSceneManager
22:25:24: Uninstalling plugin: Octree Zone Factory
22:25:24: Plugin successfully uninstalled
22:25:24: Unloading library /usr/local/lib/OGRE/Plugin_OctreeZone
22:25:24: Uninstalling plugin: Portal Connected Zone Scene Manager
22:25:24: Plugin successfully uninstalled
22:25:24: Unloading library /usr/local/lib/OGRE/Plugin_PCZSceneManager
22:25:24: Uninstalling plugin: BSP Scene Manager
22:25:24: Plugin successfully uninstalled
22:25:24: Unloading library /usr/local/lib/OGRE/Plugin_BSPSceneManager
22:25:24: Uninstalling plugin: ParticleFX
22:25:24: Plugin successfully uninstalled
22:25:24: Unloading library /usr/local/lib/OGRE/Plugin_ParticleFX
22:25:24: Uninstalling plugin: GL RenderSystem
22:25:24: Unregistering ResourceManager for type GpuProgram
22:25:24: ******************************
*** Stopping GLX Subsystem ***
******************************
22:25:24: Unregistering ResourceManager for type Texture
22:25:24: Plugin successfully uninstalled
22:25:24: Unloading library /usr/local/lib/OGRE/RenderSystem_GL
22:25:24: Unregistering ResourceManager for type Material
