05:13:19: Creating resource group General
05:13:19: Creating resource group Internal
05:13:19: Creating resource group Autodetect
05:13:19: Registering ResourceManager for type Material
05:13:19: Registering ResourceManager for type Skeleton
05:13:19: Registering ResourceManager for type Mesh
05:13:19: Skeleton: Loading MeshWorms.skeleton
05:13:19: OGRE EXCEPTION(6:FileNotFoundException): Cannot locate resource MeshWorms.skeleton in resource group General or any other group. in ResourceGroupManager::openResource at /home/alexis/Desktop/sinbad-ogre-7343503880d4/OgreMain/src/OgreResourceGroupManager.cpp (line 756)
05:13:19: Unable to load skeleton MeshWorms.skeleton for Mesh conversion. This Mesh will not be animated. You can ignore this message if you are using an offline tool.
05:13:19: MeshSerializer writing mesh data to stream ...
05:13:19: File header written.
05:13:19: Writing mesh data...
05:13:19: Writing submesh...
05:13:19: Exporting submesh texture aliases...
05:13:19: Submesh texture aliases exported.
05:13:19: Submesh exported.
05:13:19: Writing submesh...
05:13:19: Exporting submesh texture aliases...
05:13:19: Submesh texture aliases exported.
05:13:19: Submesh exported.
05:13:19: Writing submesh...
05:13:19: Exporting submesh texture aliases...
05:13:19: Submesh texture aliases exported.
05:13:19: Submesh exported.
05:13:19: Exporting skeleton link...
05:13:19: Skeleton link exported.
05:13:19: Exporting shared geometry bone assignments...
05:13:19: Shared geometry bone assignments exported.
05:13:19: Exporting bounds information....
05:13:19: Bounds information exported.
05:13:19: Exporting submesh name table...
05:13:19: Submesh name table exported.
05:13:19: Exporting edge lists...
05:13:19: Edge lists exported
05:13:19: Mesh data exported.
05:13:19: MeshSerializer export successful.
05:13:19: Unregistering ResourceManager for type Mesh
05:13:19: Unregistering ResourceManager for type Skeleton
05:13:19: Unregistering ResourceManager for type Material
